288
6 D 34 848 1
6 D 34 1050 1
6 D 34 668 1
6 D 34 1789 1
19 D 112 290 1
19 D 112 1863 1
19 D 112 634 1
24 D 141 1890 1
24 D 141 1495 1
24 D 141 1929 1
8 D 38 1490 1
8 D 38 1762 1
8 D 38 68 1
20 D 115 992 1
29 D 182 816 1
29 D 182 190 1
16 D 82 604 1
2 L 0 1052 1
3 L 0 815 1
13 D 58 448 1
13 D 58 1304 1
14 L 0 597 1
16 L 0 604 1
20 L 0 992 1
25 D 144 1476 1
25 D 144 8 1
25 D 144 1449 1
0 L 0 1843 1
0 L 0 1958 1
1 L 0 1189 1
1 L 0 154 1
2 D 14 1052 1
5 L 0 1699 1
5 L 0 919 1
7 D 37 1936 1
7 D 37 725 1
7 D 37 185 1
7 D 37 1822 1
9 L 0 149 1
9 L 0 719 1
11 L 0 563 1
11 L 0 216 1
12 L 0 1782 1
12 L 0 1514 1
13 L 0 448 1
13 L 0 1304 1
17 L 0 512 1
17 L 0 1300 1
21 L 0 1747 1
21 L 0 157 1
27 L 0 531 1
27 L 0 484 1
29 L 0 816 1
29 L 0 190 1
1 D 10 1189 1
1 D 10 154 1
8 L 0 1490 1
8 L 0 1762 1
8 L 0 68 1
10 L 0 1584 1
10 L 0 688 1
10 L 0 1525 1
15 L 0 1234 1
15 L 0 139 1
15 L 0 1118 1
18 L 0 1437 1
18 L 0 1438 1
18 L 0 303 1
19 L 0 290 1
19 L 0 1863 1
19 L 0 634 1
22 L 0 736 1
22 L 0 1025 1
22 L 0 1166 1
23 L 0 1779 1
23 L 0 172 1
23 L 0 159 1
24 L 0 1890 1
24 L 0 1495 1
24 L 0 1929 1
25 L 0 1476 1
25 L 0 8 1
25 L 0 1449 1
26 L 0 901 1
26 L 0 488 1
26 L 0 459 1
28 L 0 409 1
28 L 0 95 1
28 L 0 975 1
4 L 0 1990 1
4 L 0 1462 1
4 L 0 1387 1
4 L 0 573 1
6 L 0 848 1
6 L 0 1050 1
6 L 0 668 1
6 L 0 1789 1
7 L 0 1936 1
7 L 0 725 1
7 L 0 185 1
7 L 0 1822 1
17 D 85 512 1
17 D 85 1300 1
18 D 103 1437 1
18 D 103 1438 1
18 D 103 303 1
0 D 8 1843 1
0 D 8 1958 1
10 D 43 1584 1
10 D 43 688 1
10 D 43 1525 1
4 D 21 1990 1
4 D 21 1462 1
4 D 21 1387 1
4 D 21 573 1
14 D 68 597 1
26 D 157 901 1
26 D 157 488 1
26 D 157 459 1
27 D 171 531 1
27 D 171 484 1
3 D 19 815 1
11 D 44 563 1
11 D 44 216 1
4 D 450 757 1
4 D 450 471 1
5 D 28 1699 1
5 D 28 919 1
12 D 49 1782 1
12 D 49 1514 1
28 D 175 409 1
28 D 175 95 1
28 D 175 975 1
6 L 0 18 1
6 L 0 1002 1
9 D 39 149 1
9 D 39 719 1
15 D 80 1234 1
15 D 80 139 1
15 D 80 1118 1
21 D 123 1747 1
21 D 123 157 1
23 D 139 1779 1
23 D 139 172 1
23 D 139 159 1
22 D 129 736 1
22 D 129 1025 1
22 D 129 1166 1
19 D 205 1444 1
19 D 205 348 1
19 L 0 1444 1
19 L 0 348 1
27 D 360 104 1
27 D 360 429 1
8 D 209 816 1
8 D 209 992 1
8 D 209 162 1
8 D 209 1881 1
0 D 482 1542 1
0 D 482 265 1
0 D 482 586 1
14 D 514 850 1
14 D 514 1496 1
14 D 514 558 1
20 D 213 1969 1
20 D 213 629 1
20 D 213 926 1
13 D 247 1590 1
1 D 312 1923 1
22 D 411 162 1
22 D 411 996 1
22 D 411 11 1
22 D 411 1596 1
24 L 0 1124 1
24 L 0 5 1
24 L 0 920 1
24 L 0 397 1
2 D 234 1024 1
2 D 234 1601 1
2 D 234 918 1
2 D 234 1230 1
25 D 295 1328 1
25 D 295 1087 1
6 D 198 18 1
6 D 198 1002 1
8 L 0 816 1
8 L 0 992 1
8 L 0 162 1
8 L 0 1881 1
20 L 0 1969 1
20 L 0 629 1
20 L 0 926 1
29 L 0 852 1
29 L 0 1606 1
29 D 216 852 1
29 D 216 1606 1
16 L 0 1938 1
16 D 217 1938 1
11 D 332 1765 1
11 D 332 1590 1
11 D 332 1640 1
18 D 400 137 1
23 D 425 1285 1
23 D 425 1420 1
23 D 425 1277 1
13 L 0 1590 1
6 D 464 481 1
6 D 464 1490 1
6 D 464 1515 1
6 D 464 413 1
11 D 539 296 1
14 L 0 1328 1
14 L 0 21 1
20 D 282 626 1
20 D 282 1059 1
20 D 282 1359 1
25 L 0 1328 1
25 L 0 1087 1
0 D 303 1464 1
0 D 303 1147 1
0 D 303 1643 1
1 L 0 1923 1
2 L 0 1057 1
13 D 336 1355 1
13 D 336 1643 1
13 D 336 28 1
4 D 512 512 1
4 D 512 278 1
4 D 512 1608 1
4 D 512 216 1
15 D 609 1843 1
15 D 609 1993 1
15 D 609 1545 1
16 L 0 1345 1
16 L 0 1270 1
16 L 0 552 1
16 D 255 1345 1
16 D 255 1270 1
16 D 255 552 1
20 L 0 626 1
20 L 0 1059 1
20 L 0 1359 1
7 L 0 1894 1
7 L 0 346 1
27 L 0 104 1
27 L 0 429 1
1 D 367 1836 1
1 D 367 591 1
15 L 0 583 1
18 L 0 137 1
24 D 429 1203 1
24 D 429 56 1
25 D 435 105 1
25 D 435 1737 1
25 D 435 748 1
26 D 440 1034 1
26 D 440 1327 1
13 D 682 1313 1
13 D 682 1013 1
2 L 0 1024 1
2 L 0 1601 1
2 L 0 918 1
2 L 0 1230 1
14 D 251 1328 1
14 D 251 21 1
0 L 0 1464 1
0 L 0 1147 1
0 L 0 1643 1
5 L 0 1508 1
5 L 0 153 1
5 L 0 26 1
5 D 323 1508 1
5 D 323 153 1
5 D 323 26 1
11 L 0 1765 1
11 L 0 1590 1
11 L 0 1640 1
12 L 0 800 1
12 L 0 1028 1
12 L 0 631 1
13 L 0 1355 1
13 L 0 1643 1
13 L 0 28 1
17 L 0 1589 1
17 L 0 871 1
17 L 0 1016 1
21 L 0 1520 1
21 L 0 688 1
21 L 0 1464 1
1 L 0 1836 1
1 L 0 591 1
8 L 0 1875 1
8 L 0 1765 1
19 L 0 468 1
19 L 0 1704 1
24 L 0 1203 1
24 L 0 56 1
26 L 0 1034 1
26 L 0 1327 1
28 L 0 852 1
28 L 0 45 1
28 D 446 852 1
28 D 446 45 1
24 D 206 1124 1
24 D 206 5 1
24 D 206 920 1
24 D 206 397 1
3 L 0 904 1
3 L 0 441 1
3 L 0 953 1
3 L 0 509 1
3 L 0 1230 1
3 D 246 904 1
3 D 246 441 1
3 D 246 953 1
3 D 246 509 1
3 D 246 1230 1
9 L 0 1056 1
9 L 0 1025 1
9 L 0 1225 1
9 L 0 1966 1
29 L 0 1888 1
29 L 0 1300 1
29 L 0 1893 1
29 L 0 1691 1
15 D 386 583 1
23 L 0 1285 1
23 L 0 1420 1
23 L 0 1277 1
25 L 0 105 1
25 L 0 1737 1
25 L 0 748 1
4 L 0 757 1
4 L 0 471 1
7 L 0 743 1
7 L 0 1436 1
18 L 0 628 1
18 L 0 73 1
9 D 329 1056 1
9 D 329 1025 1
9 D 329 1225 1
9 D 329 1966 1
10 L 0 129 1
10 L 0 1714 1
10 L 0 1667 1
10 L 0 1023 1
22 L 0 162 1
22 L 0 996 1
22 L 0 11 1
22 L 0 1596 1
10 L 0 1061 1
10 L 0 989 1
26 D 520 1617 1
26 D 520 101 1
12 D 572 1329 1
12 D 572 486 1
18 D 786 1764 1
18 D 786 1547 1
18 D 786 413 1
2 D 315 1057 1
7 D 328 1894 1
7 D 328 346 1
6 L 0 481 1
6 L 0 1490 1
6 L 0 1515 1
6 L 0 413 1
17 L 0 1441 1
17 L 0 1527 1
17 L 0 841 1
17 L 0 1756 1
0 L 0 1542 1
0 L 0 265 1
0 L 0 586 1
26 L 0 1617 1
26 L 0 101 1
27 L 0 1860 1
27 L 0 189 1
11 L 0 296 1
7 D 940 1204 1
7 D 940 1962 1
7 D 940 1789 1
18 D 477 628 1
18 D 477 73 1
14 L 0 850 1
14 L 0 1496 1
14 L 0 558 1
3 L 0 342 1
3 L 0 908 1
5 D 560 1818 1
5 D 560 266 1
24 D 729 96 1
24 D 729 471 1
24 D 729 382 1
2 D 731 1666 1
2 D 731 1410 1
20 D 761 669 1
12 D 335 800 1
12 D 335 1028 1
12 D 335 631 1
10 D 373 129 1
10 D 373 1714 1
10 D 373 1667 1
10 D 373 1023 1
4 L 0 512 1
4 L 0 278 1
4 L 0 1608 1
4 L 0 216 1
4 L 0 352 1
4 L 0 104 1
4 L 0 1434 1
5 L 0 1818 1
5 L 0 266 1
12 L 0 1329 1
12 L 0 486 1
21 D 615 1411 1
21 D 615 54 1
21 D 615 328 1
21 D 615 1979 1
21 D 615 1646 1
19 D 649 564 1
19 D 649 975 1
0 D 675 1962 1
1 D 726 97 1
1 D 726 1075 1
1 D 726 841 1
1 D 726 1101 1
14 D 838 1300 1
14 D 838 508 1
15 D 921 1864 1
15 D 921 1359 1
21 D 352 1520 1
21 D 352 688 1
21 D 352 1464 1
8 D 371 1875 1
8 D 371 1765 1
28 L 0 1601 1
28 L 0 1670 1
28 L 0 1782 1
23 D 625 1159 1
23 D 625 1993 1
23 D 625 1305 1
14 D 680 834 1
14 D 680 1527 1
14 D 680 631 1
2 D 863 465 1
25 D 968 1285 1
17 D 337 1589 1
17 D 337 871 1
17 D 337 1016 1
29 D 363 1888 1
29 D 363 1300 1
29 D 363 1893 1
29 D 363 1691 1
15 L 0 1843 1
15 L 0 1993 1
15 L 0 1545 1
23 L 0 1159 1
23 L 0 1993 1
23 L 0 1305 1
22 L 0 1329 1
22 L 0 1270 1
8 D 660 1617 1
8 D 660 1765 1
8 D 660 970 1
8 D 660 1163 1
20 D 681 1762 1
19 D 410 468 1
19 D 410 1704 1
7 D 465 743 1
7 D 465 1436 1
3 D 536 342 1
3 D 536 908 1
6 L 0 704 1
6 L 0 1425 1
6 L 0 1269 1
6 L 0 1479 1
6 L 0 287 1
19 L 0 837 1
19 L 0 998 1
19 L 0 1383 1
19 L 0 564 1
19 L 0 975 1
27 L 0 1491 1
27 L 0 375 1
0 L 0 1962 1
8 D 748 1334 1
8 D 748 429 1
8 D 748 1647 1
20 D 934 1355 1
10 D 495 1061 1
10 D 495 989 1
27 D 532 1860 1
27 D 532 189 1
9 L 0 720 1
9 L 0 1714 1
9 L 0 962 1
9 L 0 1078 1
9 L 0 1983 1
21 L 0 1411 1
21 L 0 54 1
21 L 0 328 1
21 L 0 1979 1
21 L 0 1646 1
20 L 0 1762 1
0 D 996 971 1
14 L 0 834 1
14 L 0 1527 1
14 L 0 631 1
13 L 0 1313 1
13 L 0 1013 1
1 D 862 35 1
1 D 862 1406 1
17 D 472 1441 1
17 D 472 1527 1
17 D 472 841 1
17 D 472 1756 1
28 D 575 1601 1
28 D 575 1670 1
28 D 575 1782 1
8 L 0 1617 1
8 L 0 1765 1
8 L 0 970 1
8 L 0 1163 1
5 D 999 773 1
5 D 999 1464 1
4 D 557 352 1
4 D 557 104 1
4 D 557 1434 1
22 L 0 346 1
22 L 0 461 1
22 L 0 287 1
2 L 0 1666 1
2 L 0 1410 1
25 D 744 1024 1
25 D 744 1713 1
25 D 744 1499 1
20 L 0 669 1
1 D 949 1505 1
1 D 949 836 1
1 D 949 763 1
22 D 634 1329 1
22 D 634 1270 1
27 D 654 1491 1
27 D 654 375 1
1 L 0 97 1
1 L 0 1075 1
1 L 0 841 1
1 L 0 1101 1
24 L 0 96 1
24 L 0 471 1
24 L 0 382 1
25 L 0 1024 1
25 L 0 1713 1
25 L 0 1499 1
6 L 0 852 1
6 L 0 1173 1
6 D 745 852 1
6 D 745 1173 1
29 L 0 900 1
29 L 0 1677 1
16 L 0 1888 1
16 L 0 590 1
11 L 0 1029 1
11 L 0 1101 1
0 D 858 1508 1
0 D 858 1653 1
6 D 577 704 1
6 D 577 1425 1
6 D 577 1269 1
6 D 577 1479 1
6 D 577 287 1
8 L 0 1334 1
8 L 0 429 1
8 L 0 1647 1
29 L 0 1138 1
29 L 0 953 1
29 L 0 1866 1
29 D 768 900 1
29 D 768 1677 1
16 L 0 433 1
16 L 0 475 1
16 L 0 1375 1
18 L 0 1764 1
18 L 0 1547 1
18 L 0 413 1
11 L 0 898 1
11 L 0 335 1
2 L 0 465 1
19 D 638 837 1
19 D 638 998 1
19 D 638 1383 1
23 L 0 1034 1
23 L 0 27 1
23 L 0 907 1
23 L 0 235 1
13 L 0 356 1
13 L 0 454 1
13 L 0 171 1
13 D 797 356 1
13 D 797 454 1
13 D 797 171 1
14 L 0 1300 1
14 L 0 508 1
20 L 0 1554 1
20 L 0 159 1
20 D 846 1554 1
20 D 846 159 1
25 L 0 1348 1
25 L 0 647 1
0 L 0 1508 1
0 L 0 1653 1
1 L 0 35 1
1 L 0 1406 1
13 L 0 420 1
13 L 0 1197 1
4 L 0 549 1
4 L 0 392 1
15 L 0 1864 1
15 L 0 1359 1
16 L 0 940 1
16 L 0 1854 1
20 L 0 1355 1
24 L 0 435 1
25 L 0 1285 1
26 D 973 628 1
26 D 973 901 1
26 D 973 94 1
13 L 0 1335 1
9 D 585 720 1
9 D 585 1714 1
9 D 585 962 1
9 D 585 1078 1
9 D 585 1983 1
23 D 791 1034 1
23 D 791 27 1
23 D 791 907 1
23 D 791 235 1
6 L 0 534 1
6 L 0 184 1
6 L 0 1433 1
6 L 0 1530 1
6 D 811 534 1
6 D 811 184 1
6 D 811 1433 1
6 D 811 1530 1
25 D 849 1348 1
25 D 849 647 1
15 L 0 1010 1
15 L 0 100 1
18 L 0 639 1
18 L 0 1231 1
0 L 0 971 1
7 L 0 1204 1
7 L 0 1962 1
7 L 0 1789 1
27 L 0 370 1
27 L 0 1449 1
27 L 0 1853 1
1 L 0 1505 1
1 L 0 836 1
1 L 0 763 1
26 L 0 628 1
26 L 0 901 1
26 L 0 94 1
5 L 0 773 1
5 L 0 1464 1
11 D 822 898 1
11 D 822 335 1
15 D 957 1010 1
15 D 957 100 1
2 L 0 1888 1
2 L 0 1638 1
2 L 0 412 1
2 D 984 1888 1
2 D 984 1638 1
2 D 984 412 1
14 L 0 1541 1
14 L 0 1127 1
14 L 0 1896 1
5 L 0 552 1
5 L 0 1759 1
5 L 0 399 1
22 D 727 346 1
22 D 727 461 1
22 D 727 287 1
29 D 765 1138 1
29 D 765 953 1
29 D 765 1866 1
11 D 782 1029 1
11 D 782 1101 1
4 D 884 549 1
4 D 884 392 1
16 D 923 940 1
13 D 980 1335 1
5 D 998 552 1
5 D 998 1759 1
5 D 998 399 1
16 D 770 433 1
16 D 770 475 1
16 D 770 1375 1
16 D 776 1888 1
16 D 776 590 1
13 D 873 420 1
13 D 873 1197 1
24 D 966 435 1
16 D 927 1854 1
27 D 941 370 1
27 D 941 1449 1
27 D 941 1853 1
18 D 963 639 1
18 D 963 1231 1
14 D 993 1541 1
14 D 993 1127 1
14 D 993 1896 1
