92
2 L 0 1052 1
3 L 0 815 1
14 L 0 597 1
16 L 0 604 1
20 L 0 992 1
0 L 0 1843 1
0 L 0 1958 1
1 L 0 1189 1
1 L 0 154 1
5 L 0 1699 1
5 L 0 919 1
9 L 0 149 1
9 L 0 719 1
11 L 0 563 1
11 L 0 216 1
12 L 0 1782 1
12 L 0 1514 1
13 L 0 448 1
13 L 0 1304 1
17 L 0 512 1
17 L 0 1300 1
21 L 0 1747 1
21 L 0 157 1
27 L 0 531 1
27 L 0 484 1
29 L 0 816 1
29 L 0 190 1
8 L 0 1490 1
8 L 0 1762 1
8 L 0 68 1
10 L 0 1584 1
10 L 0 688 1
10 L 0 1525 1
15 L 0 1234 1
15 L 0 139 1
15 L 0 1118 1
18 L 0 1437 1
18 L 0 1438 1
18 L 0 303 1
19 L 0 290 1
19 L 0 1863 1
19 L 0 634 1
22 L 0 736 1
22 L 0 1025 1
22 L 0 1166 1
23 L 0 1779 1
23 L 0 172 1
23 L 0 159 1
24 L 0 1890 1
24 L 0 1495 1
24 L 0 1929 1
25 L 0 1476 1
25 L 0 8 1
25 L 0 1449 1
26 L 0 901 1
26 L 0 488 1
26 L 0 459 1
28 L 0 409 1
28 L 0 95 1
28 L 0 975 1
4 L 0 1990 1
4 L 0 1462 1
4 L 0 1387 1
4 L 0 573 1
6 L 0 848 1
6 L 0 1050 1
6 L 0 668 1
6 L 0 1789 1
7 L 0 1936 1
7 L 0 725 1
7 L 0 185 1
7 L 0 1822 1
6 D 34 848 1
6 D 34 1050 1
6 D 34 668 1
6 D 34 1789 1
19 D 112 290 1
19 D 112 1863 1
19 D 112 634 1
20 D 115 992 1
24 D 141 1890 1
24 D 141 1495 1
24 D 141 1929 1
8 D 38 1490 1
8 D 38 1762 1
8 D 38 68 1
16 D 82 604 1
29 D 182 816 1
29 D 182 190 1
2 D 14 1052 1
13 D 58 448 1
13 D 58 1304 1
