2592
PAINT_SQUARE 5 13 0
PAINT_SQUARE 5 14 0
PAINT_SQUARE 5 15 0
PAINT_SQUARE 5 16 0
PAINT_SQUARE 5 156 0
PAINT_SQUARE 5 157 0
PAINT_SQUARE 5 158 0
PAINT_SQUARE 5 159 0
PAINT_SQUARE 5 160 0
PAINT_SQUARE 5 161 0
PAINT_SQUARE 5 162 0
PAINT_SQUARE 5 163 0
PAINT_SQUARE 5 164 0
PAINT_SQUARE 5 165 0
PAINT_SQUARE 5 166 0
PAINT_SQUARE 5 187 0
PAINT_SQUARE 5 188 0
PAINT_SQUARE 5 189 0
PAINT_SQUARE 5 190 0
PAINT_SQUARE 5 191 0
PAINT_SQUARE 5 192 0
PAINT_SQUARE 5 193 0
PAINT_SQUARE 5 194 0
PAINT_SQUARE 6 13 0
PAINT_SQUARE 6 14 1
PAINT_SQUARE 6 15 1
PAINT_SQUARE 6 16 0
PAINT_SQUARE 6 156 0
PAINT_SQUARE 6 157 1
PAINT_SQUARE 6 158 1
PAINT_SQUARE 6 159 1
PAINT_SQUARE 6 160 1
PAINT_SQUARE 6 161 1
PAINT_SQUARE 6 162 1
PAINT_SQUARE 6 163 1
PAINT_SQUARE 6 164 1
PAINT_SQUARE 6 165 1
PAINT_SQUARE 6 166 0
PAINT_SQUARE 6 187 0
PAINT_SQUARE 6 188 1
PAINT_SQUARE 6 189 1
PAINT_SQUARE 6 190 1
PAINT_SQUARE 6 191 1
PAINT_SQUARE 6 192 1
PAINT_SQUARE 6 193 1
PAINT_SQUARE 6 194 0
PAINT_SQUARE 7 13 0
PAINT_SQUARE 7 14 1
PAINT_SQUARE 7 15 1
PAINT_SQUARE 7 16 0
PAINT_SQUARE 7 76 0
PAINT_SQUARE 7 77 0
PAINT_SQUARE 7 78 0
PAINT_SQUARE 7 79 0
PAINT_SQUARE 7 80 0
PAINT_SQUARE 7 81 0
PAINT_SQUARE 7 82 0
PAINT_SQUARE 7 156 0
PAINT_SQUARE 7 157 1
PAINT_SQUARE 7 158 2
PAINT_SQUARE 7 159 2
PAINT_SQUARE 7 160 2
PAINT_SQUARE 7 161 2
PAINT_SQUARE 7 162 2
PAINT_SQUARE 7 163 2
PAINT_SQUARE 7 164 2
PAINT_SQUARE 7 165 1
PAINT_SQUARE 7 166 0
PAINT_SQUARE 7 183 0
PAINT_SQUARE 7 184 0
PAINT_SQUARE 7 185 0
PAINT_SQUARE 7 186 0
PAINT_SQUARE 7 187 0
PAINT_SQUARE 7 188 0
PAINT_SQUARE 7 189 0
PAINT_SQUARE 7 190 0
PAINT_SQUARE 7 191 0
PAINT_SQUARE 7 192 0
PAINT_SQUARE 7 193 0
PAINT_SQUARE 7 194 0
PAINT_SQUARE 8 13 0
PAINT_SQUARE 8 14 0
PAINT_SQUARE 8 15 0
PAINT_SQUARE 8 16 0
PAINT_SQUARE 8 75 0
PAINT_SQUARE 8 76 0
PAINT_SQUARE 8 77 0
PAINT_SQUARE 8 78 0
PAINT_SQUARE 8 79 0
PAINT_SQUARE 8 80 0
PAINT_SQUARE 8 81 0
PAINT_SQUARE 8 82 0
PAINT_SQUARE 8 83 0
PAINT_SQUARE 8 156 0
PAINT_SQUARE 8 157 1
PAINT_SQUARE 8 158 2
PAINT_SQUARE 8 159 3
PAINT_SQUARE 8 160 3
PAINT_SQUARE 8 161 3
PAINT_SQUARE 8 162 3
PAINT_SQUARE 8 163 3
PAINT_SQUARE 8 164 2
PAINT_SQUARE 8 165 1
PAINT_SQUARE 8 166 0
PAINT_SQUARE 8 183 0
PAINT_SQUARE 8 184 0
PAINT_SQUARE 8 185 0
PAINT_SQUARE 8 186 0
PAINT_SQUARE 9 5 0
PAINT_SQUARE 9 6 0
PAINT_SQUARE 9 7 0
PAINT_SQUARE 9 8 0
PAINT_SQUARE 9 16 0
PAINT_SQUARE 9 17 0
PAINT_SQUARE 9 18 0
PAINT_SQUARE 9 19 0
PAINT_SQUARE 9 20 0
PAINT_SQUARE 9 21 0
PAINT_SQUARE 9 22 0
PAINT_SQUARE 9 23 0
PAINT_SQUARE 9 24 0
PAINT_SQUARE 9 25 0
PAINT_SQUARE 9 26 0
PAINT_SQUARE 9 27 0
PAINT_SQUARE 9 28 0
PAINT_SQUARE 9 29 0
PAINT_SQUARE 9 30 0
PAINT_SQUARE 9 31 0
PAINT_SQUARE 9 32 0
PAINT_SQUARE 9 33 0
PAINT_SQUARE 9 34 0
PAINT_SQUARE 9 35 0
PAINT_SQUARE 9 36 0
PAINT_SQUARE 9 37 0
PAINT_SQUARE 9 38 0
PAINT_SQUARE 9 39 0
PAINT_SQUARE 9 40 0
PAINT_SQUARE 9 41 0
PAINT_SQUARE 9 42 0
PAINT_SQUARE 9 43 0
PAINT_SQUARE 9 44 0
PAINT_SQUARE 9 45 0
PAINT_SQUARE 9 46 0
PAINT_SQUARE 9 47 0
PAINT_SQUARE 9 48 0
PAINT_SQUARE 9 49 0
PAINT_SQUARE 9 50 0
PAINT_SQUARE 9 51 0
PAINT_SQUARE 9 52 0
PAINT_SQUARE 9 53 0
PAINT_SQUARE 9 54 0
PAINT_SQUARE 9 55 0
PAINT_SQUARE 9 56 0
PAINT_SQUARE 9 57 0
PAINT_SQUARE 9 117 0
PAINT_SQUARE 9 118 0
PAINT_SQUARE 9 119 0
PAINT_SQUARE 9 120 0
PAINT_SQUARE 9 121 0
PAINT_SQUARE 9 122 0
PAINT_SQUARE 9 123 0
PAINT_SQUARE 9 124 0
PAINT_SQUARE 9 125 0
PAINT_SQUARE 9 126 0
PAINT_SQUARE 9 127 0
PAINT_SQUARE 9 128 0
PAINT_SQUARE 9 129 0
PAINT_SQUARE 9 130 0
PAINT_SQUARE 9 131 0
PAINT_SQUARE 9 132 0
PAINT_SQUARE 9 133 0
PAINT_SQUARE 9 134 0
PAINT_SQUARE 9 135 0
PAINT_SQUARE 9 136 0
PAINT_SQUARE 9 137 0
PAINT_SQUARE 9 138 0
PAINT_SQUARE 9 139 0
PAINT_SQUARE 9 140 0
PAINT_SQUARE 9 141 0
PAINT_SQUARE 9 142 0
PAINT_SQUARE 9 143 0
PAINT_SQUARE 9 144 0
PAINT_SQUARE 9 145 0
PAINT_SQUARE 9 146 0
PAINT_SQUARE 9 147 0
PAINT_SQUARE 9 148 0
PAINT_SQUARE 9 149 0
PAINT_SQUARE 9 156 0
PAINT_SQUARE 9 157 1
PAINT_SQUARE 9 158 2
PAINT_SQUARE 9 159 3
PAINT_SQUARE 9 160 4
PAINT_SQUARE 9 161 4
PAINT_SQUARE 9 162 4
PAINT_SQUARE 9 163 3
PAINT_SQUARE 9 164 2
PAINT_SQUARE 9 165 1
PAINT_SQUARE 9 166 0
PAINT_SQUARE 10 5 0
PAINT_SQUARE 10 6 1
PAINT_SQUARE 10 7 1
PAINT_SQUARE 10 8 0
PAINT_SQUARE 10 17 0
PAINT_SQUARE 10 18 1
PAINT_SQUARE 10 19 1
PAINT_SQUARE 10 20 1
PAINT_SQUARE 10 21 1
PAINT_SQUARE 10 22 1
PAINT_SQUARE 10 23 1
PAINT_SQUARE 10 24 1
PAINT_SQUARE 10 25 1
PAINT_SQUARE 10 26 1
PAINT_SQUARE 10 27 1
PAINT_SQUARE 10 28 1
PAINT_SQUARE 10 29 1
PAINT_SQUARE 10 30 1
PAINT_SQUARE 10 31 1
PAINT_SQUARE 10 32 1
PAINT_SQUARE 10 33 1
PAINT_SQUARE 10 34 1
PAINT_SQUARE 10 35 1
PAINT_SQUARE 10 36 1
PAINT_SQUARE 10 37 1
PAINT_SQUARE 10 38 1
PAINT_SQUARE 10 39 1
PAINT_SQUARE 10 40 1
PAINT_SQUARE 10 41 1
PAINT_SQUARE 10 42 1
PAINT_SQUARE 10 43 1
PAINT_SQUARE 10 44 1
PAINT_SQUARE 10 45 1
PAINT_SQUARE 10 46 1
PAINT_SQUARE 10 47 1
PAINT_SQUARE 10 48 1
PAINT_SQUARE 10 49 1
PAINT_SQUARE 10 50 1
PAINT_SQUARE 10 51 1
PAINT_SQUARE 10 52 1
PAINT_SQUARE 10 53 1
PAINT_SQUARE 10 54 1
PAINT_SQUARE 10 55 1
PAINT_SQUARE 10 56 1
PAINT_SQUARE 10 57 0
PAINT_SQUARE 10 58 0
PAINT_SQUARE 10 117 0
PAINT_SQUARE 10 118 1
PAINT_SQUARE 10 119 1
PAINT_SQUARE 10 120 1
PAINT_SQUARE 10 121 1
PAINT_SQUARE 10 122 1
PAINT_SQUARE 10 123 1
PAINT_SQUARE 10 124 1
PAINT_SQUARE 10 125 1
PAINT_SQUARE 10 126 1
PAINT_SQUARE 10 127 1
PAINT_SQUARE 10 128 1
PAINT_SQUARE 10 129 1
PAINT_SQUARE 10 130 1
PAINT_SQUARE 10 131 1
PAINT_SQUARE 10 132 1
PAINT_SQUARE 10 133 1
PAINT_SQUARE 10 134 1
PAINT_SQUARE 10 135 1
PAINT_SQUARE 10 136 1
PAINT_SQUARE 10 137 1
PAINT_SQUARE 10 138 1
PAINT_SQUARE 10 139 1
PAINT_SQUARE 10 140 1
PAINT_SQUARE 10 141 1
PAINT_SQUARE 10 142 1
PAINT_SQUARE 10 143 1
PAINT_SQUARE 10 144 1
PAINT_SQUARE 10 145 1
PAINT_SQUARE 10 146 1
PAINT_SQUARE 10 147 1
PAINT_SQUARE 10 148 1
PAINT_SQUARE 10 149 0
PAINT_SQUARE 10 156 0
PAINT_SQUARE 10 157 1
PAINT_SQUARE 10 158 2
PAINT_SQUARE 10 159 3
PAINT_SQUARE 10 160 4
PAINT_SQUARE 10 161 5
PAINT_SQUARE 10 162 4
PAINT_SQUARE 10 163 3
PAINT_SQUARE 10 164 2
PAINT_SQUARE 10 165 1
PAINT_SQUARE 10 166 0
PAINT_SQUARE 11 5 0
PAINT_SQUARE 11 6 0
PAINT_SQUARE 11 7 0
PAINT_SQUARE 11 8 0
PAINT_SQUARE 11 9 0
PAINT_SQUARE 11 10 0
PAINT_SQUARE 11 11 0
PAINT_SQUARE 11 12 0
PAINT_SQUARE 11 13 0
PAINT_SQUARE 11 14 0
PAINT_SQUARE 11 15 0
PAINT_SQUARE 11 16 0
PAINT_SQUARE 11 17 0
PAINT_SQUARE 11 18 0
PAINT_SQUARE 11 19 0
PAINT_SQUARE 11 20 0
PAINT_SQUARE 11 21 0
PAINT_SQUARE 11 22 1
PAINT_SQUARE 11 23 2
PAINT_SQUARE 11 24 2
PAINT_SQUARE 11 25 2
PAINT_SQUARE 11 26 2
PAINT_SQUARE 11 27 2
PAINT_SQUARE 11 28 2
PAINT_SQUARE 11 29 2
PAINT_SQUARE 11 30 2
PAINT_SQUARE 11 31 2
PAINT_SQUARE 11 32 2
PAINT_SQUARE 11 33 2
PAINT_SQUARE 11 34 2
PAINT_SQUARE 11 35 2
PAINT_SQUARE 11 36 2
PAINT_SQUARE 11 37 2
PAINT_SQUARE 11 38 2
PAINT_SQUARE 11 39 2
PAINT_SQUARE 11 40 2
PAINT_SQUARE 11 41 2
PAINT_SQUARE 11 42 2
PAINT_SQUARE 11 43 2
PAINT_SQUARE 11 44 2
PAINT_SQUARE 11 45 2
PAINT_SQUARE 11 46 2
PAINT_SQUARE 11 47 2
PAINT_SQUARE 11 48 2
PAINT_SQUARE 11 49 2
PAINT_SQUARE 11 50 2
PAINT_SQUARE 11 51 2
PAINT_SQUARE 11 52 2
PAINT_SQUARE 11 53 2
PAINT_SQUARE 11 54 2
PAINT_SQUARE 11 55 2
PAINT_SQUARE 11 56 1
PAINT_SQUARE 11 57 1
PAINT_SQUARE 11 58 0
PAINT_SQUARE 11 92 0
PAINT_SQUARE 11 93 0
PAINT_SQUARE 11 94 0
PAINT_SQUARE 11 117 0
PAINT_SQUARE 11 118 1
PAINT_SQUARE 11 119 2
PAINT_SQUARE 11 120 2
PAINT_SQUARE 11 121 2
PAINT_SQUARE 11 122 2
PAINT_SQUARE 11 123 2
PAINT_SQUARE 11 124 2
PAINT_SQUARE 11 125 2
PAINT_SQUARE 11 126 2
PAINT_SQUARE 11 127 2
PAINT_SQUARE 11 128 2
PAINT_SQUARE 11 129 2
PAINT_SQUARE 11 130 2
PAINT_SQUARE 11 131 2
PAINT_SQUARE 11 132 2
PAINT_SQUARE 11 133 2
PAINT_SQUARE 11 134 2
PAINT_SQUARE 11 135 2
PAINT_SQUARE 11 136 2
PAINT_SQUARE 11 137 2
PAINT_SQUARE 11 138 2
PAINT_SQUARE 11 139 2
PAINT_SQUARE 11 140 2
PAINT_SQUARE 11 141 2
PAINT_SQUARE 11 142 2
PAINT_SQUARE 11 143 2
PAINT_SQUARE 11 144 2
PAINT_SQUARE 11 145 2
PAINT_SQUARE 11 146 2
PAINT_SQUARE 11 147 2
PAINT_SQUARE 11 148 1
PAINT_SQUARE 11 149 0
PAINT_SQUARE 11 156 0
PAINT_SQUARE 11 157 1
PAINT_SQUARE 11 158 2
PAINT_SQUARE 11 159 3
PAINT_SQUARE 11 160 4
PAINT_SQUARE 11 161 5
PAINT_SQUARE 11 162 4
PAINT_SQUARE 11 163 3
PAINT_SQUARE 11 164 2
PAINT_SQUARE 11 165 1
PAINT_SQUARE 11 166 0
PAINT_SQUARE 12 9 0
PAINT_SQUARE 12 10 0
PAINT_SQUARE 12 11 0
PAINT_SQUARE 12 12 0
PAINT_SQUARE 12 13 0
PAINT_SQUARE 12 14 0
PAINT_SQUARE 12 15 0
PAINT_SQUARE 12 16 0
PAINT_SQUARE 12 21 0
PAINT_SQUARE 12 22 1
PAINT_SQUARE 12 23 2
PAINT_SQUARE 12 24 3
PAINT_SQUARE 12 25 3
PAINT_SQUARE 12 26 3
PAINT_SQUARE 12 27 3
PAINT_SQUARE 12 28 3
PAINT_SQUARE 12 29 3
PAINT_SQUARE 12 30 3
PAINT_SQUARE 12 31 3
PAINT_SQUARE 12 32 3
PAINT_SQUARE 12 33 3
PAINT_SQUARE 12 34 3
PAINT_SQUARE 12 35 3
PAINT_SQUARE 12 36 3
PAINT_SQUARE 12 37 3
PAINT_SQUARE 12 38 3
PAINT_SQUARE 12 39 3
PAINT_SQUARE 12 40 3
PAINT_SQUARE 12 41 2
PAINT_SQUARE 12 42 1
PAINT_SQUARE 12 43 1
PAINT_SQUARE 12 44 1
PAINT_SQUARE 12 45 1
PAINT_SQUARE 12 46 1
PAINT_SQUARE 12 47 1
PAINT_SQUARE 12 48 1
PAINT_SQUARE 12 49 1
PAINT_SQUARE 12 50 1
PAINT_SQUARE 12 51 1
PAINT_SQUARE 12 52 1
PAINT_SQUARE 12 53 1
PAINT_SQUARE 12 54 1
PAINT_SQUARE 12 55 1
PAINT_SQUARE 12 56 1
PAINT_SQUARE 12 57 0
PAINT_SQUARE 12 58 0
PAINT_SQUARE 12 91 0
PAINT_SQUARE 12 92 0
PAINT_SQUARE 12 93 0
PAINT_SQUARE 12 94 0
PAINT_SQUARE 12 95 0
PAINT_SQUARE 12 117 0
PAINT_SQUARE 12 118 1
PAINT_SQUARE 12 119 2
PAINT_SQUARE 12 120 3
PAINT_SQUARE 12 121 3
PAINT_SQUARE 12 122 3
PAINT_SQUARE 12 123 3
PAINT_SQUARE 12 124 3
PAINT_SQUARE 12 125 3
PAINT_SQUARE 12 126 3
PAINT_SQUARE 12 127 3
PAINT_SQUARE 12 128 3
PAINT_SQUARE 12 129 3
PAINT_SQUARE 12 130 3
PAINT_SQUARE 12 131 3
PAINT_SQUARE 12 132 3
PAINT_SQUARE 12 133 3
PAINT_SQUARE 12 134 3
PAINT_SQUARE 12 135 3
PAINT_SQUARE 12 136 3
PAINT_SQUARE 12 137 3
PAINT_SQUARE 12 138 3
PAINT_SQUARE 12 139 3
PAINT_SQUARE 12 140 3
PAINT_SQUARE 12 141 3
PAINT_SQUARE 12 142 3
PAINT_SQUARE 12 143 3
PAINT_SQUARE 12 144 3
PAINT_SQUARE 12 145 3
PAINT_SQUARE 12 146 3
PAINT_SQUARE 12 147 2
PAINT_SQUARE 12 148 1
PAINT_SQUARE 12 149 0
PAINT_SQUARE 12 156 0
PAINT_SQUARE 12 157 1
PAINT_SQUARE 12 158 2
PAINT_SQUARE 12 159 3
PAINT_SQUARE 12 160 4
PAINT_SQUARE 12 161 5
PAINT_SQUARE 12 162 4
PAINT_SQUARE 12 163 3
PAINT_SQUARE 12 164 2
PAINT_SQUARE 12 165 1
PAINT_SQUARE 12 166 0
PAINT_SQUARE 13 5 0
PAINT_SQUARE 13 6 0
PAINT_SQUARE 13 7 0
PAINT_SQUARE 13 8 0
PAINT_SQUARE 13 11 0
PAINT_SQUARE 13 12 0
PAINT_SQUARE 13 21 0
PAINT_SQUARE 13 22 1
PAINT_SQUARE 13 23 2
PAINT_SQUARE 13 24 3
PAINT_SQUARE 13 25 4
PAINT_SQUARE 13 26 4
PAINT_SQUARE 13 27 4
PAINT_SQUARE 13 28 4
PAINT_SQUARE 13 29 4
PAINT_SQUARE 13 30 4
PAINT_SQUARE 13 31 4
PAINT_SQUARE 13 32 4
PAINT_SQUARE 13 33 4
PAINT_SQUARE 13 34 4
PAINT_SQUARE 13 35 4
PAINT_SQUARE 13 36 4
PAINT_SQUARE 13 37 4
PAINT_SQUARE 13 38 4
PAINT_SQUARE 13 39 4
PAINT_SQUARE 13 40 3
PAINT_SQUARE 13 41 2
PAINT_SQUARE 13 42 1
PAINT_SQUARE 13 43 0
PAINT_SQUARE 13 44 0
PAINT_SQUARE 13 45 0
PAINT_SQUARE 13 46 0
PAINT_SQUARE 13 47 0
PAINT_SQUARE 13 48 0
PAINT_SQUARE 13 49 0
PAINT_SQUARE 13 50 0
PAINT_SQUARE 13 51 0
PAINT_SQUARE 13 52 0
PAINT_SQUARE 13 53 0
PAINT_SQUARE 13 54 0
PAINT_SQUARE 13 55 0
PAINT_SQUARE 13 56 0
PAINT_SQUARE 13 57 0
PAINT_SQUARE 13 64 0
PAINT_SQUARE 13 65 0
PAINT_SQUARE 13 66 0
PAINT_SQUARE 13 67 0
PAINT_SQUARE 13 68 0
PAINT_SQUARE 13 69 0
PAINT_SQUARE 13 70 0
PAINT_SQUARE 13 71 0
PAINT_SQUARE 13 72 0
PAINT_SQUARE 13 73 0
PAINT_SQUARE 13 74 0
PAINT_SQUARE 13 75 0
PAINT_SQUARE 13 76 0
PAINT_SQUARE 13 77 0
PAINT_SQUARE 13 78 0
PAINT_SQUARE 13 79 0
PAINT_SQUARE 13 80 0
PAINT_SQUARE 13 81 0
PAINT_SQUARE 13 82 0
PAINT_SQUARE 13 83 0
PAINT_SQUARE 13 84 0
PAINT_SQUARE 13 85 0
PAINT_SQUARE 13 86 0
PAINT_SQUARE 13 87 0
PAINT_SQUARE 13 93 0
PAINT_SQUARE 13 94 0
PAINT_SQUARE 13 117 0
PAINT_SQUARE 13 118 1
PAINT_SQUARE 13 119 2
PAINT_SQUARE 13 120 3
PAINT_SQUARE 13 121 4
PAINT_SQUARE 13 122 4
PAINT_SQUARE 13 123 4
PAINT_SQUARE 13 124 4
PAINT_SQUARE 13 125 4
PAINT_SQUARE 13 126 4
PAINT_SQUARE 13 127 4
PAINT_SQUARE 13 128 4
PAINT_SQUARE 13 129 4
PAINT_SQUARE 13 130 4
PAINT_SQUARE 13 131 4
PAINT_SQUARE 13 132 4
PAINT_SQUARE 13 133 4
PAINT_SQUARE 13 134 4
PAINT_SQUARE 13 135 4
PAINT_SQUARE 13 136 4
PAINT_SQUARE 13 137 4
PAINT_SQUARE 13 138 4
PAINT_SQUARE 13 139 4
PAINT_SQUARE 13 140 4
PAINT_SQUARE 13 141 4
PAINT_SQUARE 13 142 4
PAINT_SQUARE 13 143 4
PAINT_SQUARE 13 144 4
PAINT_SQUARE 13 145 4
PAINT_SQUARE 13 146 3
PAINT_SQUARE 13 147 2
PAINT_SQUARE 13 148 1
PAINT_SQUARE 13 149 0
PAINT_SQUARE 13 156 0
PAINT_SQUARE 13 157 1
PAINT_SQUARE 13 158 2
PAINT_SQUARE 13 159 3
PAINT_SQUARE 13 160 4
PAINT_SQUARE 13 161 5
PAINT_SQUARE 13 162 4
PAINT_SQUARE 13 163 3
PAINT_SQUARE 13 164 2
PAINT_SQUARE 13 165 1
PAINT_SQUARE 13 166 0
PAINT_SQUARE 13 174 0
PAINT_SQUARE 13 175 0
PAINT_SQUARE 13 176 0
PAINT_SQUARE 13 177 0
PAINT_SQUARE 13 178 0
PAINT_SQUARE 13 179 0
PAINT_SQUARE 13 180 0
PAINT_SQUARE 13 181 0
PAINT_SQUARE 13 182 0
PAINT_SQUARE 13 183 0
PAINT_SQUARE 13 184 0
PAINT_SQUARE 13 185 0
PAINT_SQUARE 13 186 0
PAINT_SQUARE 13 187 0
PAINT_SQUARE 13 188 0
PAINT_SQUARE 13 189 0
PAINT_SQUARE 13 190 0
PAINT_SQUARE 14 5 0
PAINT_SQUARE 14 6 0
PAINT_SQUARE 14 7 0
PAINT_SQUARE 14 8 0
PAINT_SQUARE 14 21 0
PAINT_SQUARE 14 22 1
PAINT_SQUARE 14 23 2
PAINT_SQUARE 14 24 3
PAINT_SQUARE 14 25 4
PAINT_SQUARE 14 26 5
PAINT_SQUARE 14 27 5
PAINT_SQUARE 14 28 5
PAINT_SQUARE 14 29 5
PAINT_SQUARE 14 30 5
PAINT_SQUARE 14 31 5
PAINT_SQUARE 14 32 5
PAINT_SQUARE 14 33 5
PAINT_SQUARE 14 34 5
PAINT_SQUARE 14 35 5
PAINT_SQUARE 14 36 5
PAINT_SQUARE 14 37 5
PAINT_SQUARE 14 38 5
PAINT_SQUARE 14 39 4
PAINT_SQUARE 14 40 3
PAINT_SQUARE 14 41 2
PAINT_SQUARE 14 42 1
PAINT_SQUARE 14 43 0
PAINT_SQUARE 14 64 0
PAINT_SQUARE 14 65 1
PAINT_SQUARE 14 66 1
PAINT_SQUARE 14 67 1
PAINT_SQUARE 14 68 1
PAINT_SQUARE 14 69 1
PAINT_SQUARE 14 70 1
PAINT_SQUARE 14 71 1
PAINT_SQUARE 14 72 1
PAINT_SQUARE 14 73 1
PAINT_SQUARE 14 74 1
PAINT_SQUARE 14 75 1
PAINT_SQUARE 14 76 1
PAINT_SQUARE 14 77 1
PAINT_SQUARE 14 78 1
PAINT_SQUARE 14 79 1
PAINT_SQUARE 14 80 1
PAINT_SQUARE 14 81 1
PAINT_SQUARE 14 82 1
PAINT_SQUARE 14 83 1
PAINT_SQUARE 14 84 1
PAINT_SQUARE 14 85 1
PAINT_SQUARE 14 86 1
PAINT_SQUARE 14 87 0
PAINT_SQUARE 14 96 0
PAINT_SQUARE 14 97 0
PAINT_SQUARE 14 98 0
PAINT_SQUARE 14 99 0
PAINT_SQUARE 14 100 0
PAINT_SQUARE 14 101 0
PAINT_SQUARE 14 102 0
PAINT_SQUARE 14 103 0
PAINT_SQUARE 14 104 0
PAINT_SQUARE 14 105 0
PAINT_SQUARE 14 106 0
PAINT_SQUARE 14 107 0
PAINT_SQUARE 14 108 0
PAINT_SQUARE 14 109 0
PAINT_SQUARE 14 110 0
PAINT_SQUARE 14 111 0
PAINT_SQUARE 14 112 0
PAINT_SQUARE 14 113 0
PAINT_SQUARE 14 114 0
PAINT_SQUARE 14 115 0
PAINT_SQUARE 14 116 0
PAINT_SQUARE 14 117 0
PAINT_SQUARE 14 118 1
PAINT_SQUARE 14 119 2
PAINT_SQUARE 14 120 3
PAINT_SQUARE 14 121 4
PAINT_SQUARE 14 122 5
PAINT_SQUARE 14 123 5
PAINT_SQUARE 14 124 5
PAINT_SQUARE 14 125 5
PAINT_SQUARE 14 126 5
PAINT_SQUARE 14 127 5
PAINT_SQUARE 14 128 5
PAINT_SQUARE 14 129 5
PAINT_SQUARE 14 130 5
PAINT_SQUARE 14 131 5
PAINT_SQUARE 14 132 5
PAINT_SQUARE 14 133 5
PAINT_SQUARE 14 134 5
PAINT_SQUARE 14 135 5
PAINT_SQUARE 14 136 5
PAINT_SQUARE 14 137 5
PAINT_SQUARE 14 138 5
PAINT_SQUARE 14 139 5
PAINT_SQUARE 14 140 5
PAINT_SQUARE 14 141 5
PAINT_SQUARE 14 142 5
PAINT_SQUARE 14 143 5
PAINT_SQUARE 14 144 5
PAINT_SQUARE 14 145 4
PAINT_SQUARE 14 146 3
PAINT_SQUARE 14 147 2
PAINT_SQUARE 14 148 1
PAINT_SQUARE 14 149 0
PAINT_SQUARE 14 156 0
PAINT_SQUARE 14 157 1
PAINT_SQUARE 14 158 2
PAINT_SQUARE 14 159 3
PAINT_SQUARE 14 160 4
PAINT_SQUARE 14 161 5
PAINT_SQUARE 14 162 4
PAINT_SQUARE 14 163 3
PAINT_SQUARE 14 164 2
PAINT_SQUARE 14 165 1
PAINT_SQUARE 14 166 0
PAINT_SQUARE 14 173 0
PAINT_SQUARE 14 174 0
PAINT_SQUARE 14 175 1
PAINT_SQUARE 14 176 1
PAINT_SQUARE 14 177 1
PAINT_SQUARE 14 178 1
PAINT_SQUARE 14 179 1
PAINT_SQUARE 14 180 1
PAINT_SQUARE 14 181 1
PAINT_SQUARE 14 182 1
PAINT_SQUARE 14 183 1
PAINT_SQUARE 14 184 1
PAINT_SQUARE 14 185 1
PAINT_SQUARE 14 186 1
PAINT_SQUARE 14 187 1
PAINT_SQUARE 14 188 1
PAINT_SQUARE 14 189 1
PAINT_SQUARE 14 190 0
PAINT_SQUARE 15 21 0
PAINT_SQUARE 15 22 1
PAINT_SQUARE 15 23 2
PAINT_SQUARE 15 24 3
PAINT_SQUARE 15 25 4
PAINT_SQUARE 15 26 5
PAINT_SQUARE 15 27 6
PAINT_SQUARE 15 28 6
PAINT_SQUARE 15 29 6
PAINT_SQUARE 15 30 6
PAINT_SQUARE 15 31 6
PAINT_SQUARE 15 32 6
PAINT_SQUARE 15 33 6
PAINT_SQUARE 15 34 6
PAINT_SQUARE 15 35 6
PAINT_SQUARE 15 36 6
PAINT_SQUARE 15 37 6
PAINT_SQUARE 15 38 5
PAINT_SQUARE 15 39 4
PAINT_SQUARE 15 40 3
PAINT_SQUARE 15 41 2
PAINT_SQUARE 15 42 1
PAINT_SQUARE 15 43 0
PAINT_SQUARE 15 64 0
PAINT_SQUARE 15 65 1
PAINT_SQUARE 15 66 2
PAINT_SQUARE 15 67 2
PAINT_SQUARE 15 68 2
PAINT_SQUARE 15 69 2
PAINT_SQUARE 15 70 2
PAINT_SQUARE 15 71 2
PAINT_SQUARE 15 72 2
PAINT_SQUARE 15 73 2
PAINT_SQUARE 15 74 2
PAINT_SQUARE 15 75 2
PAINT_SQUARE 15 76 2
PAINT_SQUARE 15 77 2
PAINT_SQUARE 15 78 2
PAINT_SQUARE 15 79 2
PAINT_SQUARE 15 80 2
PAINT_SQUARE 15 81 2
PAINT_SQUARE 15 82 2
PAINT_SQUARE 15 83 2
PAINT_SQUARE 15 84 2
PAINT_SQUARE 15 85 2
PAINT_SQUARE 15 86 1
PAINT_SQUARE 15 87 0
PAINT_SQUARE 15 96 0
PAINT_SQUARE 15 97 1
PAINT_SQUARE 15 98 1
PAINT_SQUARE 15 99 1
PAINT_SQUARE 15 100 1
PAINT_SQUARE 15 101 1
PAINT_SQUARE 15 102 1
PAINT_SQUARE 15 103 1
PAINT_SQUARE 15 104 1
PAINT_SQUARE 15 105 1
PAINT_SQUARE 15 106 1
PAINT_SQUARE 15 107 1
PAINT_SQUARE 15 108 1
PAINT_SQUARE 15 109 1
PAINT_SQUARE 15 110 1
PAINT_SQUARE 15 111 1
PAINT_SQUARE 15 112 1
PAINT_SQUARE 15 113 1
PAINT_SQUARE 15 114 1
PAINT_SQUARE 15 115 1
PAINT_SQUARE 15 116 1
PAINT_SQUARE 15 117 1
PAINT_SQUARE 15 118 1
PAINT_SQUARE 15 119 2
PAINT_SQUARE 15 120 3
PAINT_SQUARE 15 121 4
PAINT_SQUARE 15 122 5
PAINT_SQUARE 15 123 6
PAINT_SQUARE 15 124 6
PAINT_SQUARE 15 125 6
PAINT_SQUARE 15 126 6
PAINT_SQUARE 15 127 6
PAINT_SQUARE 15 128 6
PAINT_SQUARE 15 129 6
PAINT_SQUARE 15 130 6
PAINT_SQUARE 15 131 6
PAINT_SQUARE 15 132 6
PAINT_SQUARE 15 133 6
PAINT_SQUARE 15 134 6
PAINT_SQUARE 15 135 6
PAINT_SQUARE 15 136 6
PAINT_SQUARE 15 137 6
PAINT_SQUARE 15 138 6
PAINT_SQUARE 15 139 6
PAINT_SQUARE 15 140 6
PAINT_SQUARE 15 141 6
PAINT_SQUARE 15 142 6
PAINT_SQUARE 15 143 6
PAINT_SQUARE 15 144 5
PAINT_SQUARE 15 145 4
PAINT_SQUARE 15 146 3
PAINT_SQUARE 15 147 2
PAINT_SQUARE 15 148 1
PAINT_SQUARE 15 149 0
PAINT_SQUARE 15 156 0
PAINT_SQUARE 15 157 1
PAINT_SQUARE 15 158 2
PAINT_SQUARE 15 159 3
PAINT_SQUARE 15 160 4
PAINT_SQUARE 15 161 5
PAINT_SQUARE 15 162 4
PAINT_SQUARE 15 163 3
PAINT_SQUARE 15 164 2
PAINT_SQUARE 15 165 1
PAINT_SQUARE 15 166 0
PAINT_SQUARE 15 173 0
PAINT_SQUARE 15 174 1
PAINT_SQUARE 15 175 1
PAINT_SQUARE 15 176 2
PAINT_SQUARE 15 177 2
PAINT_SQUARE 15 178 2
PAINT_SQUARE 15 179 2
PAINT_SQUARE 15 180 2
PAINT_SQUARE 15 181 2
PAINT_SQUARE 15 182 2
PAINT_SQUARE 15 183 2
PAINT_SQUARE 15 184 2
PAINT_SQUARE 15 185 2
PAINT_SQUARE 15 186 2
PAINT_SQUARE 15 187 2
PAINT_SQUARE 15 188 2
PAINT_SQUARE 15 189 1
PAINT_SQUARE 15 190 0
PAINT_SQUARE 16 21 0
PAINT_SQUARE 16 22 1
PAINT_SQUARE 16 23 2
PAINT_SQUARE 16 24 3
PAINT_SQUARE 16 25 4
PAINT_SQUARE 16 26 5
PAINT_SQUARE 16 27 6
PAINT_SQUARE 16 28 7
PAINT_SQUARE 16 29 7
PAINT_SQUARE 16 30 7
PAINT_SQUARE 16 31 7
PAINT_SQUARE 16 32 7
PAINT_SQUARE 16 33 7
PAINT_SQUARE 16 34 7
PAINT_SQUARE 16 35 7
PAINT_SQUARE 16 36 7
PAINT_SQUARE 16 37 6
PAINT_SQUARE 16 38 5
PAINT_SQUARE 16 39 4
PAINT_SQUARE 16 40 3
PAINT_SQUARE 16 41 2
PAINT_SQUARE 16 42 1
PAINT_SQUARE 16 43 0
PAINT_SQUARE 16 64 0
PAINT_SQUARE 16 65 1
PAINT_SQUARE 16 66 2
PAINT_SQUARE 16 67 3
PAINT_SQUARE 16 68 3
PAINT_SQUARE 16 69 3
PAINT_SQUARE 16 70 3
PAINT_SQUARE 16 71 3
PAINT_SQUARE 16 72 3
PAINT_SQUARE 16 73 3
PAINT_SQUARE 16 74 3
PAINT_SQUARE 16 75 3
PAINT_SQUARE 16 76 3
PAINT_SQUARE 16 77 3
PAINT_SQUARE 16 78 3
PAINT_SQUARE 16 79 3
PAINT_SQUARE 16 80 3
PAINT_SQUARE 16 81 3
PAINT_SQUARE 16 82 3
PAINT_SQUARE 16 83 3
PAINT_SQUARE 16 84 3
PAINT_SQUARE 16 85 2
PAINT_SQUARE 16 86 1
PAINT_SQUARE 16 87 0
PAINT_SQUARE 16 96 0
PAINT_SQUARE 16 97 1
PAINT_SQUARE 16 98 2
PAINT_SQUARE 16 99 2
PAINT_SQUARE 16 100 2
PAINT_SQUARE 16 101 2
PAINT_SQUARE 16 102 2
PAINT_SQUARE 16 103 2
PAINT_SQUARE 16 104 2
PAINT_SQUARE 16 105 2
PAINT_SQUARE 16 106 2
PAINT_SQUARE 16 107 2
PAINT_SQUARE 16 108 2
PAINT_SQUARE 16 109 2
PAINT_SQUARE 16 110 2
PAINT_SQUARE 16 111 2
PAINT_SQUARE 16 112 2
PAINT_SQUARE 16 113 2
PAINT_SQUARE 16 114 2
PAINT_SQUARE 16 115 2
PAINT_SQUARE 16 116 2
PAINT_SQUARE 16 117 2
PAINT_SQUARE 16 118 2
PAINT_SQUARE 16 119 2
PAINT_SQUARE 16 120 3
PAINT_SQUARE 16 121 4
PAINT_SQUARE 16 122 5
PAINT_SQUARE 16 123 5
PAINT_SQUARE 16 124 5
PAINT_SQUARE 16 125 5
PAINT_SQUARE 16 126 5
PAINT_SQUARE 16 127 5
PAINT_SQUARE 16 128 5
PAINT_SQUARE 16 129 5
PAINT_SQUARE 16 130 5
PAINT_SQUARE 16 131 5
PAINT_SQUARE 16 132 5
PAINT_SQUARE 16 133 5
PAINT_SQUARE 16 134 5
PAINT_SQUARE 16 135 5
PAINT_SQUARE 16 136 5
PAINT_SQUARE 16 137 5
PAINT_SQUARE 16 138 5
PAINT_SQUARE 16 139 5
PAINT_SQUARE 16 140 5
PAINT_SQUARE 16 141 5
PAINT_SQUARE 16 142 5
PAINT_SQUARE 16 143 5
PAINT_SQUARE 16 144 5
PAINT_SQUARE 16 145 4
PAINT_SQUARE 16 146 3
PAINT_SQUARE 16 147 2
PAINT_SQUARE 16 148 1
PAINT_SQUARE 16 149 0
PAINT_SQUARE 16 156 0
PAINT_SQUARE 16 157 1
PAINT_SQUARE 16 158 2
PAINT_SQUARE 16 159 3
PAINT_SQUARE 16 160 4
PAINT_SQUARE 16 161 5
PAINT_SQUARE 16 162 4
PAINT_SQUARE 16 163 3
PAINT_SQUARE 16 164 2
PAINT_SQUARE 16 165 1
PAINT_SQUARE 16 166 0
PAINT_SQUARE 16 173 0
PAINT_SQUARE 16 174 1
PAINT_SQUARE 16 175 2
PAINT_SQUARE 16 176 2
PAINT_SQUARE 16 177 2
PAINT_SQUARE 16 178 2
PAINT_SQUARE 16 179 2
PAINT_SQUARE 16 180 2
PAINT_SQUARE 16 181 2
PAINT_SQUARE 16 182 2
PAINT_SQUARE 16 183 2
PAINT_SQUARE 16 184 2
PAINT_SQUARE 16 185 2
PAINT_SQUARE 16 186 2
PAINT_SQUARE 16 187 2
PAINT_SQUARE 16 188 2
PAINT_SQUARE 16 189 1
PAINT_SQUARE 16 190 0
PAINT_SQUARE 17 21 0
PAINT_SQUARE 17 22 1
PAINT_SQUARE 17 23 2
PAINT_SQUARE 17 24 3
PAINT_SQUARE 17 25 4
PAINT_SQUARE 17 26 5
PAINT_SQUARE 17 27 6
PAINT_SQUARE 17 28 7
PAINT_SQUARE 17 29 8
PAINT_SQUARE 17 30 8
PAINT_SQUARE 17 31 8
PAINT_SQUARE 17 32 8
PAINT_SQUARE 17 33 8
PAINT_SQUARE 17 34 8
PAINT_SQUARE 17 35 8
PAINT_SQUARE 17 36 7
PAINT_SQUARE 17 37 6
PAINT_SQUARE 17 38 5
PAINT_SQUARE 17 39 4
PAINT_SQUARE 17 40 3
PAINT_SQUARE 17 41 2
PAINT_SQUARE 17 42 1
PAINT_SQUARE 17 43 0
PAINT_SQUARE 17 52 0
PAINT_SQUARE 17 53 0
PAINT_SQUARE 17 54 0
PAINT_SQUARE 17 55 0
PAINT_SQUARE 17 56 0
PAINT_SQUARE 17 57 0
PAINT_SQUARE 17 58 0
PAINT_SQUARE 17 59 0
PAINT_SQUARE 17 60 0
PAINT_SQUARE 17 61 0
PAINT_SQUARE 17 62 0
PAINT_SQUARE 17 63 0
PAINT_SQUARE 17 64 0
PAINT_SQUARE 17 65 1
PAINT_SQUARE 17 66 2
PAINT_SQUARE 17 67 3
PAINT_SQUARE 17 68 4
PAINT_SQUARE 17 69 4
PAINT_SQUARE 17 70 4
PAINT_SQUARE 17 71 4
PAINT_SQUARE 17 72 4
PAINT_SQUARE 17 73 4
PAINT_SQUARE 17 74 4
PAINT_SQUARE 17 75 4
PAINT_SQUARE 17 76 4
PAINT_SQUARE 17 77 4
PAINT_SQUARE 17 78 4
PAINT_SQUARE 17 79 4
PAINT_SQUARE 17 80 4
PAINT_SQUARE 17 81 4
PAINT_SQUARE 17 82 4
PAINT_SQUARE 17 83 4
PAINT_SQUARE 17 84 3
PAINT_SQUARE 17 85 2
PAINT_SQUARE 17 86 1
PAINT_SQUARE 17 87 0
PAINT_SQUARE 17 96 0
PAINT_SQUARE 17 97 1
PAINT_SQUARE 17 98 2
PAINT_SQUARE 17 99 3
PAINT_SQUARE 17 100 3
PAINT_SQUARE 17 101 3
PAINT_SQUARE 17 102 3
PAINT_SQUARE 17 103 3
PAINT_SQUARE 17 104 3
PAINT_SQUARE 17 105 3
PAINT_SQUARE 17 106 3
PAINT_SQUARE 17 107 3
PAINT_SQUARE 17 108 3
PAINT_SQUARE 17 109 3
PAINT_SQUARE 17 110 3
PAINT_SQUARE 17 111 3
PAINT_SQUARE 17 112 3
PAINT_SQUARE 17 113 3
PAINT_SQUARE 17 114 3
PAINT_SQUARE 17 115 3
PAINT_SQUARE 17 116 3
PAINT_SQUARE 17 117 3
PAINT_SQUARE 17 118 3
PAINT_SQUARE 17 119 3
PAINT_SQUARE 17 120 3
PAINT_SQUARE 17 121 4
PAINT_SQUARE 17 122 4
PAINT_SQUARE 17 123 4
PAINT_SQUARE 17 124 4
PAINT_SQUARE 17 125 4
PAINT_SQUARE 17 126 4
PAINT_SQUARE 17 127 4
PAINT_SQUARE 17 128 4
PAINT_SQUARE 17 129 4
PAINT_SQUARE 17 130 4
PAINT_SQUARE 17 131 4
PAINT_SQUARE 17 132 4
PAINT_SQUARE 17 133 4
PAINT_SQUARE 17 134 4
PAINT_SQUARE 17 135 4
PAINT_SQUARE 17 136 4
PAINT_SQUARE 17 137 4
PAINT_SQUARE 17 138 4
PAINT_SQUARE 17 139 4
PAINT_SQUARE 17 140 4
PAINT_SQUARE 17 141 4
PAINT_SQUARE 17 142 4
PAINT_SQUARE 17 143 4
PAINT_SQUARE 17 144 4
PAINT_SQUARE 17 145 4
PAINT_SQUARE 17 146 3
PAINT_SQUARE 17 147 2
PAINT_SQUARE 17 148 1
PAINT_SQUARE 17 149 0
PAINT_SQUARE 17 156 0
PAINT_SQUARE 17 157 1
PAINT_SQUARE 17 158 2
PAINT_SQUARE 17 159 3
PAINT_SQUARE 17 160 4
PAINT_SQUARE 17 161 5
PAINT_SQUARE 17 162 4
PAINT_SQUARE 17 163 3
PAINT_SQUARE 17 164 2
PAINT_SQUARE 17 165 1
PAINT_SQUARE 17 166 0
PAINT_SQUARE 17 173 0
PAINT_SQUARE 17 174 1
PAINT_SQUARE 17 175 1
PAINT_SQUARE 17 176 1
PAINT_SQUARE 17 177 1
PAINT_SQUARE 17 178 1
PAINT_SQUARE 17 179 1
PAINT_SQUARE 17 180 1
PAINT_SQUARE 17 181 1
PAINT_SQUARE 17 182 1
PAINT_SQUARE 17 183 1
PAINT_SQUARE 17 184 1
PAINT_SQUARE 17 185 1
PAINT_SQUARE 17 186 1
PAINT_SQUARE 17 187 1
PAINT_SQUARE 17 188 1
PAINT_SQUARE 17 189 1
PAINT_SQUARE 17 190 0
PAINT_SQUARE 18 21 0
PAINT_SQUARE 18 22 1
PAINT_SQUARE 18 23 2
PAINT_SQUARE 18 24 3
PAINT_SQUARE 18 25 4
PAINT_SQUARE 18 26 5
PAINT_SQUARE 18 27 6
PAINT_SQUARE 18 28 7
PAINT_SQUARE 18 29 8
PAINT_SQUARE 18 30 9
PAINT_SQUARE 18 31 9
PAINT_SQUARE 18 32 9
PAINT_SQUARE 18 33 9
PAINT_SQUARE 18 34 9
PAINT_SQUARE 18 35 8
PAINT_SQUARE 18 36 7
PAINT_SQUARE 18 37 6
PAINT_SQUARE 18 38 5
PAINT_SQUARE 18 39 4
PAINT_SQUARE 18 40 3
PAINT_SQUARE 18 41 2
PAINT_SQUARE 18 42 1
PAINT_SQUARE 18 43 0
PAINT_SQUARE 18 51 0
PAINT_SQUARE 18 52 0
PAINT_SQUARE 18 53 1
PAINT_SQUARE 18 54 1
PAINT_SQUARE 18 55 1
PAINT_SQUARE 18 56 1
PAINT_SQUARE 18 57 1
PAINT_SQUARE 18 58 1
PAINT_SQUARE 18 59 1
PAINT_SQUARE 18 60 1
PAINT_SQUARE 18 61 1
PAINT_SQUARE 18 62 1
PAINT_SQUARE 18 63 1
PAINT_SQUARE 18 64 1
PAINT_SQUARE 18 65 1
PAINT_SQUARE 18 66 2
PAINT_SQUARE 18 67 3
PAINT_SQUARE 18 68 4
PAINT_SQUARE 18 69 5
PAINT_SQUARE 18 70 5
PAINT_SQUARE 18 71 5
PAINT_SQUARE 18 72 5
PAINT_SQUARE 18 73 5
PAINT_SQUARE 18 74 5
PAINT_SQUARE 18 75 5
PAINT_SQUARE 18 76 5
PAINT_SQUARE 18 77 5
PAINT_SQUARE 18 78 5
PAINT_SQUARE 18 79 5
PAINT_SQUARE 18 80 5
PAINT_SQUARE 18 81 5
PAINT_SQUARE 18 82 5
PAINT_SQUARE 18 83 4
PAINT_SQUARE 18 84 3
PAINT_SQUARE 18 85 2
PAINT_SQUARE 18 86 1
PAINT_SQUARE 18 87 0
PAINT_SQUARE 18 96 0
PAINT_SQUARE 18 97 1
PAINT_SQUARE 18 98 2
PAINT_SQUARE 18 99 3
PAINT_SQUARE 18 100 4
PAINT_SQUARE 18 101 4
PAINT_SQUARE 18 102 4
PAINT_SQUARE 18 103 4
PAINT_SQUARE 18 104 4
PAINT_SQUARE 18 105 4
PAINT_SQUARE 18 106 4
PAINT_SQUARE 18 107 4
PAINT_SQUARE 18 108 4
PAINT_SQUARE 18 109 4
PAINT_SQUARE 18 110 4
PAINT_SQUARE 18 111 4
PAINT_SQUARE 18 112 4
PAINT_SQUARE 18 113 3
PAINT_SQUARE 18 114 3
PAINT_SQUARE 18 115 3
PAINT_SQUARE 18 116 3
PAINT_SQUARE 18 117 3
PAINT_SQUARE 18 118 3
PAINT_SQUARE 18 119 3
PAINT_SQUARE 18 120 3
PAINT_SQUARE 18 121 3
PAINT_SQUARE 18 122 3
PAINT_SQUARE 18 123 3
PAINT_SQUARE 18 124 3
PAINT_SQUARE 18 125 3
PAINT_SQUARE 18 126 3
PAINT_SQUARE 18 127 3
PAINT_SQUARE 18 128 3
PAINT_SQUARE 18 129 3
PAINT_SQUARE 18 130 3
PAINT_SQUARE 18 131 3
PAINT_SQUARE 18 132 3
PAINT_SQUARE 18 133 3
PAINT_SQUARE 18 134 3
PAINT_SQUARE 18 135 3
PAINT_SQUARE 18 136 3
PAINT_SQUARE 18 137 3
PAINT_SQUARE 18 138 3
PAINT_SQUARE 18 139 3
PAINT_SQUARE 18 140 3
PAINT_SQUARE 18 141 3
PAINT_SQUARE 18 142 3
PAINT_SQUARE 18 143 3
PAINT_SQUARE 18 144 4
PAINT_SQUARE 18 145 4
PAINT_SQUARE 18 146 3
PAINT_SQUARE 18 147 2
PAINT_SQUARE 18 148 1
PAINT_SQUARE 18 149 0
PAINT_SQUARE 18 156 0
PAINT_SQUARE 18 157 1
PAINT_SQUARE 18 158 2
PAINT_SQUARE 18 159 3
PAINT_SQUARE 18 160 4
PAINT_SQUARE 18 161 5
PAINT_SQUARE 18 162 4
PAINT_SQUARE 18 163 3
PAINT_SQUARE 18 164 2
PAINT_SQUARE 18 165 1
PAINT_SQUARE 18 166 0
PAINT_SQUARE 18 173 0
PAINT_SQUARE 18 174 0
PAINT_SQUARE 18 175 0
PAINT_SQUARE 18 176 0
PAINT_SQUARE 18 177 0
PAINT_SQUARE 18 178 0
PAINT_SQUARE 18 179 0
PAINT_SQUARE 18 180 0
PAINT_SQUARE 18 181 0
PAINT_SQUARE 18 182 0
PAINT_SQUARE 18 183 0
PAINT_SQUARE 18 184 0
PAINT_SQUARE 18 185 0
PAINT_SQUARE 18 186 0
PAINT_SQUARE 18 187 0
PAINT_SQUARE 18 188 0
PAINT_SQUARE 18 189 0
PAINT_SQUARE 18 190 0
PAINT_SQUARE 19 21 0
PAINT_SQUARE 19 22 1
PAINT_SQUARE 19 23 2
PAINT_SQUARE 19 24 3
PAINT_SQUARE 19 25 4
PAINT_SQUARE 19 26 5
PAINT_SQUARE 19 27 6
PAINT_SQUARE 19 28 7
PAINT_SQUARE 19 29 8
PAINT_SQUARE 19 30 9
PAINT_SQUARE 19 31 10
PAINT_SQUARE 19 32 10
PAINT_SQUARE 19 33 10
PAINT_SQUARE 19 34 9
PAINT_SQUARE 19 35 8
PAINT_SQUARE 19 36 7
PAINT_SQUARE 19 37 6
PAINT_SQUARE 19 38 5
PAINT_SQUARE 19 39 4
PAINT_SQUARE 19 40 3
PAINT_SQUARE 19 41 2
PAINT_SQUARE 19 42 1
PAINT_SQUARE 19 43 0
PAINT_SQUARE 19 51 0
PAINT_SQUARE 19 52 0
PAINT_SQUARE 19 53 1
PAINT_SQUARE 19 54 1
PAINT_SQUARE 19 55 1
PAINT_SQUARE 19 56 1
PAINT_SQUARE 19 57 1
PAINT_SQUARE 19 58 1
PAINT_SQUARE 19 59 1
PAINT_SQUARE 19 60 1
PAINT_SQUARE 19 61 1
PAINT_SQUARE 19 62 1
PAINT_SQUARE 19 63 1
PAINT_SQUARE 19 64 1
PAINT_SQUARE 19 65 1
PAINT_SQUARE 19 66 2
PAINT_SQUARE 19 67 3
PAINT_SQUARE 19 68 4
PAINT_SQUARE 19 69 5
PAINT_SQUARE 19 70 5
PAINT_SQUARE 19 71 5
PAINT_SQUARE 19 72 5
PAINT_SQUARE 19 73 5
PAINT_SQUARE 19 74 5
PAINT_SQUARE 19 75 5
PAINT_SQUARE 19 76 5
PAINT_SQUARE 19 77 5
PAINT_SQUARE 19 78 5
PAINT_SQUARE 19 79 5
PAINT_SQUARE 19 80 5
PAINT_SQUARE 19 81 5
PAINT_SQUARE 19 82 5
PAINT_SQUARE 19 83 4
PAINT_SQUARE 19 84 3
PAINT_SQUARE 19 85 2
PAINT_SQUARE 19 86 1
PAINT_SQUARE 19 87 0
PAINT_SQUARE 19 96 0
PAINT_SQUARE 19 97 1
PAINT_SQUARE 19 98 2
PAINT_SQUARE 19 99 3
PAINT_SQUARE 19 100 4
PAINT_SQUARE 19 101 5
PAINT_SQUARE 19 102 5
PAINT_SQUARE 19 103 5
PAINT_SQUARE 19 104 5
PAINT_SQUARE 19 105 5
PAINT_SQUARE 19 106 5
PAINT_SQUARE 19 107 5
PAINT_SQUARE 19 108 5
PAINT_SQUARE 19 109 5
PAINT_SQUARE 19 110 5
PAINT_SQUARE 19 111 4
PAINT_SQUARE 19 112 4
PAINT_SQUARE 19 113 3
PAINT_SQUARE 19 114 2
PAINT_SQUARE 19 115 2
PAINT_SQUARE 19 116 2
PAINT_SQUARE 19 117 2
PAINT_SQUARE 19 118 2
PAINT_SQUARE 19 119 2
PAINT_SQUARE 19 120 2
PAINT_SQUARE 19 121 2
PAINT_SQUARE 19 122 2
PAINT_SQUARE 19 123 2
PAINT_SQUARE 19 124 2
PAINT_SQUARE 19 125 2
PAINT_SQUARE 19 126 2
PAINT_SQUARE 19 127 2
PAINT_SQUARE 19 128 2
PAINT_SQUARE 19 129 2
PAINT_SQUARE 19 130 2
PAINT_SQUARE 19 131 2
PAINT_SQUARE 19 132 2
PAINT_SQUARE 19 133 2
PAINT_SQUARE 19 134 2
PAINT_SQUARE 19 135 2
PAINT_SQUARE 19 136 2
PAINT_SQUARE 19 137 2
PAINT_SQUARE 19 138 2
PAINT_SQUARE 19 139 2
PAINT_SQUARE 19 140 2
PAINT_SQUARE 19 141 2
PAINT_SQUARE 19 142 2
PAINT_SQUARE 19 143 3
PAINT_SQUARE 19 144 4
PAINT_SQUARE 19 145 4
PAINT_SQUARE 19 146 3
PAINT_SQUARE 19 147 2
PAINT_SQUARE 19 148 1
PAINT_SQUARE 19 149 0
PAINT_SQUARE 19 156 0
PAINT_SQUARE 19 157 1
PAINT_SQUARE 19 158 2
PAINT_SQUARE 19 159 3
PAINT_SQUARE 19 160 4
PAINT_SQUARE 19 161 5
PAINT_SQUARE 19 162 4
PAINT_SQUARE 19 163 3
PAINT_SQUARE 19 164 2
PAINT_SQUARE 19 165 1
PAINT_SQUARE 19 166 0
PAINT_SQUARE 20 21 0
PAINT_SQUARE 20 22 1
PAINT_SQUARE 20 23 2
PAINT_SQUARE 20 24 3
PAINT_SQUARE 20 25 4
PAINT_SQUARE 20 26 5
PAINT_SQUARE 20 27 6
PAINT_SQUARE 20 28 7
PAINT_SQUARE 20 29 8
PAINT_SQUARE 20 30 9
PAINT_SQUARE 20 31 10
PAINT_SQUARE 20 32 11
PAINT_SQUARE 20 33 10
PAINT_SQUARE 20 34 9
PAINT_SQUARE 20 35 8
PAINT_SQUARE 20 36 7
PAINT_SQUARE 20 37 6
PAINT_SQUARE 20 38 5
PAINT_SQUARE 20 39 4
PAINT_SQUARE 20 40 3
PAINT_SQUARE 20 41 2
PAINT_SQUARE 20 42 1
PAINT_SQUARE 20 43 0
PAINT_SQUARE 20 52 0
PAINT_SQUARE 20 53 0
PAINT_SQUARE 20 54 0
PAINT_SQUARE 20 55 0
PAINT_SQUARE 20 56 0
PAINT_SQUARE 20 57 0
PAINT_SQUARE 20 58 0
PAINT_SQUARE 20 59 0
PAINT_SQUARE 20 60 0
PAINT_SQUARE 20 61 0
PAINT_SQUARE 20 62 0
PAINT_SQUARE 20 63 0
PAINT_SQUARE 20 64 0
PAINT_SQUARE 20 65 1
PAINT_SQUARE 20 66 2
PAINT_SQUARE 20 67 3
PAINT_SQUARE 20 68 4
PAINT_SQUARE 20 69 4
PAINT_SQUARE 20 70 4
PAINT_SQUARE 20 71 4
PAINT_SQUARE 20 72 4
PAINT_SQUARE 20 73 4
PAINT_SQUARE 20 74 4
PAINT_SQUARE 20 75 4
PAINT_SQUARE 20 76 4
PAINT_SQUARE 20 77 4
PAINT_SQUARE 20 78 4
PAINT_SQUARE 20 79 4
PAINT_SQUARE 20 80 4
PAINT_SQUARE 20 81 4
PAINT_SQUARE 20 82 4
PAINT_SQUARE 20 83 4
PAINT_SQUARE 20 84 3
PAINT_SQUARE 20 85 2
PAINT_SQUARE 20 86 1
PAINT_SQUARE 20 87 0
PAINT_SQUARE 20 96 0
PAINT_SQUARE 20 97 1
PAINT_SQUARE 20 98 2
PAINT_SQUARE 20 99 3
PAINT_SQUARE 20 100 4
PAINT_SQUARE 20 101 4
PAINT_SQUARE 20 102 4
PAINT_SQUARE 20 103 4
PAINT_SQUARE 20 104 4
PAINT_SQUARE 20 105 4
PAINT_SQUARE 20 106 4
PAINT_SQUARE 20 107 4
PAINT_SQUARE 20 108 4
PAINT_SQUARE 20 109 4
PAINT_SQUARE 20 110 4
PAINT_SQUARE 20 111 4
PAINT_SQUARE 20 112 3
PAINT_SQUARE 20 113 3
PAINT_SQUARE 20 114 2
PAINT_SQUARE 20 115 1
PAINT_SQUARE 20 116 1
PAINT_SQUARE 20 117 1
PAINT_SQUARE 20 118 1
PAINT_SQUARE 20 119 1
PAINT_SQUARE 20 120 1
PAINT_SQUARE 20 121 1
PAINT_SQUARE 20 122 1
PAINT_SQUARE 20 123 1
PAINT_SQUARE 20 124 1
PAINT_SQUARE 20 125 1
PAINT_SQUARE 20 126 1
PAINT_SQUARE 20 127 1
PAINT_SQUARE 20 128 1
PAINT_SQUARE 20 129 1
PAINT_SQUARE 20 130 1
PAINT_SQUARE 20 131 1
PAINT_SQUARE 20 132 1
PAINT_SQUARE 20 133 1
PAINT_SQUARE 20 134 1
PAINT_SQUARE 20 135 1
PAINT_SQUARE 20 136 1
PAINT_SQUARE 20 137 1
PAINT_SQUARE 20 138 1
PAINT_SQUARE 20 139 1
PAINT_SQUARE 20 140 1
PAINT_SQUARE 20 141 1
PAINT_SQUARE 20 142 2
PAINT_SQUARE 20 143 3
PAINT_SQUARE 20 144 4
PAINT_SQUARE 20 145 4
PAINT_SQUARE 20 146 3
PAINT_SQUARE 20 147 2
PAINT_SQUARE 20 148 1
PAINT_SQUARE 20 149 0
PAINT_SQUARE 20 156 0
PAINT_SQUARE 20 157 1
PAINT_SQUARE 20 158 2
PAINT_SQUARE 20 159 3
PAINT_SQUARE 20 160 4
PAINT_SQUARE 20 161 4
PAINT_SQUARE 20 162 4
PAINT_SQUARE 20 163 3
PAINT_SQUARE 20 164 2
PAINT_SQUARE 20 165 1
PAINT_SQUARE 20 166 0
PAINT_SQUARE 21 21 0
PAINT_SQUARE 21 22 1
PAINT_SQUARE 21 23 2
PAINT_SQUARE 21 24 3
PAINT_SQUARE 21 25 4
PAINT_SQUARE 21 26 5
PAINT_SQUARE 21 27 6
PAINT_SQUARE 21 28 7
PAINT_SQUARE 21 29 8
PAINT_SQUARE 21 30 9
PAINT_SQUARE 21 31 10
PAINT_SQUARE 21 32 10
PAINT_SQUARE 21 33 10
PAINT_SQUARE 21 34 9
PAINT_SQUARE 21 35 8
PAINT_SQUARE 21 36 7
PAINT_SQUARE 21 37 6
PAINT_SQUARE 21 38 5
PAINT_SQUARE 21 39 4
PAINT_SQUARE 21 40 3
PAINT_SQUARE 21 41 2
PAINT_SQUARE 21 42 1
PAINT_SQUARE 21 43 0
PAINT_SQUARE 21 64 0
PAINT_SQUARE 21 65 1
PAINT_SQUARE 21 66 2
PAINT_SQUARE 21 67 3
PAINT_SQUARE 21 68 3
PAINT_SQUARE 21 69 3
PAINT_SQUARE 21 70 3
PAINT_SQUARE 21 71 3
PAINT_SQUARE 21 72 3
PAINT_SQUARE 21 73 3
PAINT_SQUARE 21 74 3
PAINT_SQUARE 21 75 3
PAINT_SQUARE 21 76 3
PAINT_SQUARE 21 77 3
PAINT_SQUARE 21 78 3
PAINT_SQUARE 21 79 3
PAINT_SQUARE 21 80 3
PAINT_SQUARE 21 81 3
PAINT_SQUARE 21 82 3
PAINT_SQUARE 21 83 3
PAINT_SQUARE 21 84 3
PAINT_SQUARE 21 85 2
PAINT_SQUARE 21 86 1
PAINT_SQUARE 21 87 0
PAINT_SQUARE 21 96 0
PAINT_SQUARE 21 97 1
PAINT_SQUARE 21 98 2
PAINT_SQUARE 21 99 3
PAINT_SQUARE 21 100 3
PAINT_SQUARE 21 101 3
PAINT_SQUARE 21 102 3
PAINT_SQUARE 21 103 3
PAINT_SQUARE 21 104 3
PAINT_SQUARE 21 105 3
PAINT_SQUARE 21 106 3
PAINT_SQUARE 21 107 3
PAINT_SQUARE 21 108 3
PAINT_SQUARE 21 109 3
PAINT_SQUARE 21 110 3
PAINT_SQUARE 21 111 3
PAINT_SQUARE 21 112 3
PAINT_SQUARE 21 113 2
PAINT_SQUARE 21 114 2
PAINT_SQUARE 21 115 1
PAINT_SQUARE 21 116 0
PAINT_SQUARE 21 117 0
PAINT_SQUARE 21 118 0
PAINT_SQUARE 21 119 0
PAINT_SQUARE 21 120 0
PAINT_SQUARE 21 121 0
PAINT_SQUARE 21 122 0
PAINT_SQUARE 21 123 0
PAINT_SQUARE 21 124 0
PAINT_SQUARE 21 125 0
PAINT_SQUARE 21 126 0
PAINT_SQUARE 21 127 0
PAINT_SQUARE 21 128 0
PAINT_SQUARE 21 129 0
PAINT_SQUARE 21 130 0
PAINT_SQUARE 21 131 0
PAINT_SQUARE 21 132 0
PAINT_SQUARE 21 133 0
PAINT_SQUARE 21 134 0
PAINT_SQUARE 21 135 0
PAINT_SQUARE 21 136 0
PAINT_SQUARE 21 137 0
PAINT_SQUARE 21 138 0
PAINT_SQUARE 21 139 0
PAINT_SQUARE 21 140 0
PAINT_SQUARE 21 141 1
PAINT_SQUARE 21 142 2
PAINT_SQUARE 21 143 3
PAINT_SQUARE 21 144 4
PAINT_SQUARE 21 145 4
PAINT_SQUARE 21 146 3
PAINT_SQUARE 21 147 2
PAINT_SQUARE 21 148 1
PAINT_SQUARE 21 149 0
PAINT_SQUARE 21 156 0
PAINT_SQUARE 21 157 1
PAINT_SQUARE 21 158 2
PAINT_SQUARE 21 159 3
PAINT_SQUARE 21 160 3
PAINT_SQUARE 21 161 3
PAINT_SQUARE 21 162 3
PAINT_SQUARE 21 163 3
PAINT_SQUARE 21 164 2
PAINT_SQUARE 21 165 1
PAINT_SQUARE 21 166 0
PAINT_SQUARE 22 11 0
PAINT_SQUARE 22 12 0
PAINT_SQUARE 22 13 0
PAINT_SQUARE 22 14 0
PAINT_SQUARE 22 15 0
PAINT_SQUARE 22 16 0
PAINT_SQUARE 22 17 0
PAINT_SQUARE 22 18 0
PAINT_SQUARE 22 19 0
PAINT_SQUARE 22 20 0
PAINT_SQUARE 22 21 0
PAINT_SQUARE 22 22 1
PAINT_SQUARE 22 23 2
PAINT_SQUARE 22 24 3
PAINT_SQUARE 22 25 4
PAINT_SQUARE 22 26 5
PAINT_SQUARE 22 27 6
PAINT_SQUARE 22 28 7
PAINT_SQUARE 22 29 8
PAINT_SQUARE 22 30 9
PAINT_SQUARE 22 31 9
PAINT_SQUARE 22 32 9
PAINT_SQUARE 22 33 9
PAINT_SQUARE 22 34 9
PAINT_SQUARE 22 35 8
PAINT_SQUARE 22 36 7
PAINT_SQUARE 22 37 6
PAINT_SQUARE 22 38 5
PAINT_SQUARE 22 39 4
PAINT_SQUARE 22 40 3
PAINT_SQUARE 22 41 2
PAINT_SQUARE 22 42 1
PAINT_SQUARE 22 43 0
PAINT_SQUARE 22 64 0
PAINT_SQUARE 22 65 1
PAINT_SQUARE 22 66 2
PAINT_SQUARE 22 67 2
PAINT_SQUARE 22 68 2
PAINT_SQUARE 22 69 2
PAINT_SQUARE 22 70 2
PAINT_SQUARE 22 71 2
PAINT_SQUARE 22 72 2
PAINT_SQUARE 22 73 2
PAINT_SQUARE 22 74 2
PAINT_SQUARE 22 75 2
PAINT_SQUARE 22 76 2
PAINT_SQUARE 22 77 2
PAINT_SQUARE 22 78 2
PAINT_SQUARE 22 79 2
PAINT_SQUARE 22 80 2
PAINT_SQUARE 22 81 2
PAINT_SQUARE 22 82 2
PAINT_SQUARE 22 83 2
PAINT_SQUARE 22 84 2
PAINT_SQUARE 22 85 2
PAINT_SQUARE 22 86 1
PAINT_SQUARE 22 87 0
PAINT_SQUARE 22 96 0
PAINT_SQUARE 22 97 1
PAINT_SQUARE 22 98 2
PAINT_SQUARE 22 99 2
PAINT_SQUARE 22 100 2
PAINT_SQUARE 22 101 2
PAINT_SQUARE 22 102 2
PAINT_SQUARE 22 103 2
PAINT_SQUARE 22 104 2
PAINT_SQUARE 22 105 2
PAINT_SQUARE 22 106 2
PAINT_SQUARE 22 107 2
PAINT_SQUARE 22 108 2
PAINT_SQUARE 22 109 2
PAINT_SQUARE 22 110 2
PAINT_SQUARE 22 111 2
PAINT_SQUARE 22 112 2
PAINT_SQUARE 22 113 2
PAINT_SQUARE 22 114 1
PAINT_SQUARE 22 115 1
PAINT_SQUARE 22 116 0
PAINT_SQUARE 22 140 0
PAINT_SQUARE 22 141 1
PAINT_SQUARE 22 142 2
PAINT_SQUARE 22 143 3
PAINT_SQUARE 22 144 4
PAINT_SQUARE 22 145 4
PAINT_SQUARE 22 146 3
PAINT_SQUARE 22 147 2
PAINT_SQUARE 22 148 1
PAINT_SQUARE 22 149 0
PAINT_SQUARE 22 156 0
PAINT_SQUARE 22 157 1
PAINT_SQUARE 22 158 2
PAINT_SQUARE 22 159 2
PAINT_SQUARE 22 160 2
PAINT_SQUARE 22 161 2
PAINT_SQUARE 22 162 2
PAINT_SQUARE 22 163 2
PAINT_SQUARE 22 164 2
PAINT_SQUARE 22 165 1
PAINT_SQUARE 22 166 0
PAINT_SQUARE 23 10 0
PAINT_SQUARE 23 11 0
PAINT_SQUARE 23 12 1
PAINT_SQUARE 23 13 1
PAINT_SQUARE 23 14 1
PAINT_SQUARE 23 15 1
PAINT_SQUARE 23 16 1
PAINT_SQUARE 23 17 1
PAINT_SQUARE 23 18 1
PAINT_SQUARE 23 19 1
PAINT_SQUARE 23 20 1
PAINT_SQUARE 23 21 1
PAINT_SQUARE 23 22 1
PAINT_SQUARE 23 23 2
PAINT_SQUARE 23 24 3
PAINT_SQUARE 23 25 4
PAINT_SQUARE 23 26 5
PAINT_SQUARE 23 27 6
PAINT_SQUARE 23 28 7
PAINT_SQUARE 23 29 8
PAINT_SQUARE 23 30 8
PAINT_SQUARE 23 31 8
PAINT_SQUARE 23 32 8
PAINT_SQUARE 23 33 8
PAINT_SQUARE 23 34 8
PAINT_SQUARE 23 35 8
PAINT_SQUARE 23 36 7
PAINT_SQUARE 23 37 6
PAINT_SQUARE 23 38 5
PAINT_SQUARE 23 39 4
PAINT_SQUARE 23 40 3
PAINT_SQUARE 23 41 2
PAINT_SQUARE 23 42 1
PAINT_SQUARE 23 43 0
PAINT_SQUARE 23 64 0
PAINT_SQUARE 23 65 1
PAINT_SQUARE 23 66 1
PAINT_SQUARE 23 67 1
PAINT_SQUARE 23 68 1
PAINT_SQUARE 23 69 1
PAINT_SQUARE 23 70 1
PAINT_SQUARE 23 71 1
PAINT_SQUARE 23 72 1
PAINT_SQUARE 23 73 1
PAINT_SQUARE 23 74 1
PAINT_SQUARE 23 75 1
PAINT_SQUARE 23 76 1
PAINT_SQUARE 23 77 1
PAINT_SQUARE 23 78 1
PAINT_SQUARE 23 79 1
PAINT_SQUARE 23 80 1
PAINT_SQUARE 23 81 1
PAINT_SQUARE 23 82 1
PAINT_SQUARE 23 83 1
PAINT_SQUARE 23 84 1
PAINT_SQUARE 23 85 1
PAINT_SQUARE 23 86 1
PAINT_SQUARE 23 87 0
PAINT_SQUARE 23 96 0
PAINT_SQUARE 23 97 1
PAINT_SQUARE 23 98 1
PAINT_SQUARE 23 99 1
PAINT_SQUARE 23 100 1
PAINT_SQUARE 23 101 1
PAINT_SQUARE 23 102 1
PAINT_SQUARE 23 103 1
PAINT_SQUARE 23 104 1
PAINT_SQUARE 23 105 1
PAINT_SQUARE 23 106 1
PAINT_SQUARE 23 107 1
PAINT_SQUARE 23 108 1
PAINT_SQUARE 23 109 1
PAINT_SQUARE 23 110 1
PAINT_SQUARE 23 111 1
PAINT_SQUARE 23 112 1
PAINT_SQUARE 23 113 1
PAINT_SQUARE 23 114 1
PAINT_SQUARE 23 115 0
PAINT_SQUARE 23 116 0
PAINT_SQUARE 23 140 0
PAINT_SQUARE 23 141 1
PAINT_SQUARE 23 142 2
PAINT_SQUARE 23 143 3
PAINT_SQUARE 23 144 4
PAINT_SQUARE 23 145 4
PAINT_SQUARE 23 146 3
PAINT_SQUARE 23 147 2
PAINT_SQUARE 23 148 1
PAINT_SQUARE 23 149 0
PAINT_SQUARE 23 156 0
PAINT_SQUARE 23 157 1
PAINT_SQUARE 23 158 1
PAINT_SQUARE 23 159 1
PAINT_SQUARE 23 160 1
PAINT_SQUARE 23 161 1
PAINT_SQUARE 23 162 1
PAINT_SQUARE 23 163 1
PAINT_SQUARE 23 164 1
PAINT_SQUARE 23 165 1
PAINT_SQUARE 23 166 0
PAINT_SQUARE 24 10 0
PAINT_SQUARE 24 11 1
PAINT_SQUARE 24 12 1
PAINT_SQUARE 24 13 2
PAINT_SQUARE 24 14 2
PAINT_SQUARE 24 15 2
PAINT_SQUARE 24 16 2
PAINT_SQUARE 24 17 2
PAINT_SQUARE 24 18 2
PAINT_SQUARE 24 19 2
PAINT_SQUARE 24 20 2
PAINT_SQUARE 24 21 2
PAINT_SQUARE 24 22 2
PAINT_SQUARE 24 23 2
PAINT_SQUARE 24 24 3
PAINT_SQUARE 24 25 4
PAINT_SQUARE 24 26 5
PAINT_SQUARE 24 27 6
PAINT_SQUARE 24 28 7
PAINT_SQUARE 24 29 7
PAINT_SQUARE 24 30 7
PAINT_SQUARE 24 31 7
PAINT_SQUARE 24 32 7
PAINT_SQUARE 24 33 7
PAINT_SQUARE 24 34 7
PAINT_SQUARE 24 35 7
PAINT_SQUARE 24 36 7
PAINT_SQUARE 24 37 6
PAINT_SQUARE 24 38 5
PAINT_SQUARE 24 39 4
PAINT_SQUARE 24 40 3
PAINT_SQUARE 24 41 2
PAINT_SQUARE 24 42 1
PAINT_SQUARE 24 43 0
PAINT_SQUARE 24 63 0
PAINT_SQUARE 24 64 0
PAINT_SQUARE 24 65 0
PAINT_SQUARE 24 66 0
PAINT_SQUARE 24 67 0
PAINT_SQUARE 24 68 0
PAINT_SQUARE 24 69 0
PAINT_SQUARE 24 70 0
PAINT_SQUARE 24 71 0
PAINT_SQUARE 24 72 0
PAINT_SQUARE 24 73 0
PAINT_SQUARE 24 74 0
PAINT_SQUARE 24 75 0
PAINT_SQUARE 24 76 0
PAINT_SQUARE 24 77 0
PAINT_SQUARE 24 78 0
PAINT_SQUARE 24 79 0
PAINT_SQUARE 24 80 0
PAINT_SQUARE 24 81 0
PAINT_SQUARE 24 82 0
PAINT_SQUARE 24 83 0
PAINT_SQUARE 24 84 0
PAINT_SQUARE 24 85 0
PAINT_SQUARE 24 86 0
PAINT_SQUARE 24 87 0
PAINT_SQUARE 24 96 0
PAINT_SQUARE 24 97 0
PAINT_SQUARE 24 98 0
PAINT_SQUARE 24 99 0
PAINT_SQUARE 24 100 0
PAINT_SQUARE 24 101 0
PAINT_SQUARE 24 102 0
PAINT_SQUARE 24 103 0
PAINT_SQUARE 24 104 0
PAINT_SQUARE 24 105 0
PAINT_SQUARE 24 106 0
PAINT_SQUARE 24 107 0
PAINT_SQUARE 24 108 0
PAINT_SQUARE 24 109 0
PAINT_SQUARE 24 110 1
PAINT_SQUARE 24 111 1
PAINT_SQUARE 24 112 0
PAINT_SQUARE 24 113 0
PAINT_SQUARE 24 114 0
PAINT_SQUARE 24 115 0
PAINT_SQUARE 24 140 0
PAINT_SQUARE 24 141 1
PAINT_SQUARE 24 142 2
PAINT_SQUARE 24 143 3
PAINT_SQUARE 24 144 4
PAINT_SQUARE 24 145 4
PAINT_SQUARE 24 146 3
PAINT_SQUARE 24 147 2
PAINT_SQUARE 24 148 1
PAINT_SQUARE 24 149 0
PAINT_SQUARE 24 156 0
PAINT_SQUARE 24 157 0
PAINT_SQUARE 24 158 0
PAINT_SQUARE 24 159 0
PAINT_SQUARE 24 160 0
PAINT_SQUARE 24 161 0
PAINT_SQUARE 24 162 0
PAINT_SQUARE 24 163 0
PAINT_SQUARE 24 164 0
PAINT_SQUARE 24 165 0
PAINT_SQUARE 24 166 0
PAINT_SQUARE 25 4 0
PAINT_SQUARE 25 5 0
PAINT_SQUARE 25 6 0
PAINT_SQUARE 25 7 0
PAINT_SQUARE 25 8 0
PAINT_SQUARE 25 9 0
PAINT_SQUARE 25 10 0
PAINT_SQUARE 25 11 1
PAINT_SQUARE 25 12 1
PAINT_SQUARE 25 13 1
PAINT_SQUARE 25 14 1
PAINT_SQUARE 25 15 1
PAINT_SQUARE 25 16 1
PAINT_SQUARE 25 17 1
PAINT_SQUARE 25 18 1
PAINT_SQUARE 25 19 1
PAINT_SQUARE 25 20 1
PAINT_SQUARE 25 21 1
PAINT_SQUARE 25 22 2
PAINT_SQUARE 25 23 2
PAINT_SQUARE 25 24 3
PAINT_SQUARE 25 25 4
PAINT_SQUARE 25 26 5
PAINT_SQUARE 25 27 6
PAINT_SQUARE 25 28 6
PAINT_SQUARE 25 29 6
PAINT_SQUARE 25 30 6
PAINT_SQUARE 25 31 6
PAINT_SQUARE 25 32 6
PAINT_SQUARE 25 33 6
PAINT_SQUARE 25 34 6
PAINT_SQUARE 25 35 6
PAINT_SQUARE 25 36 6
PAINT_SQUARE 25 37 6
PAINT_SQUARE 25 38 5
PAINT_SQUARE 25 39 4
PAINT_SQUARE 25 40 3
PAINT_SQUARE 25 41 2
PAINT_SQUARE 25 42 1
PAINT_SQUARE 25 43 0
PAINT_SQUARE 25 44 0
PAINT_SQUARE 25 45 0
PAINT_SQUARE 25 46 0
PAINT_SQUARE 25 47 0
PAINT_SQUARE 25 48 0
PAINT_SQUARE 25 49 0
PAINT_SQUARE 25 50 0
PAINT_SQUARE 25 51 0
PAINT_SQUARE 25 52 0
PAINT_SQUARE 25 53 0
PAINT_SQUARE 25 54 0
PAINT_SQUARE 25 55 0
PAINT_SQUARE 25 56 0
PAINT_SQUARE 25 57 0
PAINT_SQUARE 25 58 0
PAINT_SQUARE 25 59 0
PAINT_SQUARE 25 60 0
PAINT_SQUARE 25 61 0
PAINT_SQUARE 25 62 0
PAINT_SQUARE 25 63 0
PAINT_SQUARE 25 109 0
PAINT_SQUARE 25 110 1
PAINT_SQUARE 25 111 1
PAINT_SQUARE 25 112 0
PAINT_SQUARE 25 123 0
PAINT_SQUARE 25 124 0
PAINT_SQUARE 25 125 0
PAINT_SQUARE 25 126 0
PAINT_SQUARE 25 127 0
PAINT_SQUARE 25 128 0
PAINT_SQUARE 25 129 0
PAINT_SQUARE 25 130 0
PAINT_SQUARE 25 131 0
PAINT_SQUARE 25 132 0
PAINT_SQUARE 25 133 0
PAINT_SQUARE 25 134 0
PAINT_SQUARE 25 135 0
PAINT_SQUARE 25 136 0
PAINT_SQUARE 25 137 0
PAINT_SQUARE 25 138 0
PAINT_SQUARE 25 139 0
PAINT_SQUARE 25 140 0
PAINT_SQUARE 25 141 1
PAINT_SQUARE 25 142 2
PAINT_SQUARE 25 143 3
PAINT_SQUARE 25 144 4
PAINT_SQUARE 25 145 4
PAINT_SQUARE 25 146 3
PAINT_SQUARE 25 147 2
PAINT_SQUARE 25 148 1
PAINT_SQUARE 25 149 0
PAINT_SQUARE 25 173 0
PAINT_SQUARE 25 174 0
PAINT_SQUARE 25 175 0
PAINT_SQUARE 25 176 0
PAINT_SQUARE 25 177 0
PAINT_SQUARE 25 178 0
PAINT_SQUARE 25 179 0
PAINT_SQUARE 25 180 0
PAINT_SQUARE 25 181 0
PAINT_SQUARE 25 182 0
PAINT_SQUARE 25 183 0
PAINT_SQUARE 25 184 0
PAINT_SQUARE 25 185 0
PAINT_SQUARE 25 186 0
PAINT_SQUARE 25 187 0
PAINT_SQUARE 25 188 0
PAINT_SQUARE 25 189 0
PAINT_SQUARE 25 190 0
PAINT_SQUARE 25 191 0
PAINT_SQUARE 26 4 0
PAINT_SQUARE 26 5 0
PAINT_SQUARE 26 6 0
PAINT_SQUARE 26 7 0
PAINT_SQUARE 26 8 0
PAINT_SQUARE 26 9 0
PAINT_SQUARE 26 10 0
PAINT_SQUARE 26 11 0
PAINT_SQUARE 26 12 0
PAINT_SQUARE 26 13 0
PAINT_SQUARE 26 14 0
PAINT_SQUARE 26 15 0
PAINT_SQUARE 26 16 0
PAINT_SQUARE 26 17 0
PAINT_SQUARE 26 18 0
PAINT_SQUARE 26 19 0
PAINT_SQUARE 26 20 0
PAINT_SQUARE 26 21 1
PAINT_SQUARE 26 22 1
PAINT_SQUARE 26 23 2
PAINT_SQUARE 26 24 3
PAINT_SQUARE 26 25 4
PAINT_SQUARE 26 26 5
PAINT_SQUARE 26 27 5
PAINT_SQUARE 26 28 5
PAINT_SQUARE 26 29 5
PAINT_SQUARE 26 30 5
PAINT_SQUARE 26 31 5
PAINT_SQUARE 26 32 5
PAINT_SQUARE 26 33 5
PAINT_SQUARE 26 34 5
PAINT_SQUARE 26 35 5
PAINT_SQUARE 26 36 5
PAINT_SQUARE 26 37 5
PAINT_SQUARE 26 38 5
PAINT_SQUARE 26 39 4
PAINT_SQUARE 26 40 3
PAINT_SQUARE 26 41 2
PAINT_SQUARE 26 42 1
PAINT_SQUARE 26 43 1
PAINT_SQUARE 26 44 1
PAINT_SQUARE 26 45 1
PAINT_SQUARE 26 46 1
PAINT_SQUARE 26 47 1
PAINT_SQUARE 26 48 1
PAINT_SQUARE 26 49 1
PAINT_SQUARE 26 50 1
PAINT_SQUARE 26 51 1
PAINT_SQUARE 26 52 1
PAINT_SQUARE 26 53 1
PAINT_SQUARE 26 54 1
PAINT_SQUARE 26 55 1
PAINT_SQUARE 26 56 1
PAINT_SQUARE 26 57 1
PAINT_SQUARE 26 58 1
PAINT_SQUARE 26 59 1
PAINT_SQUARE 26 60 1
PAINT_SQUARE 26 61 1
PAINT_SQUARE 26 62 1
PAINT_SQUARE 26 63 0
PAINT_SQUARE 26 109 0
PAINT_SQUARE 26 110 1
PAINT_SQUARE 26 111 1
PAINT_SQUARE 26 112 0
PAINT_SQUARE 26 123 0
PAINT_SQUARE 26 124 1
PAINT_SQUARE 26 125 1
PAINT_SQUARE 26 126 1
PAINT_SQUARE 26 127 1
PAINT_SQUARE 26 128 1
PAINT_SQUARE 26 129 1
PAINT_SQUARE 26 130 1
PAINT_SQUARE 26 131 1
PAINT_SQUARE 26 132 1
PAINT_SQUARE 26 133 1
PAINT_SQUARE 26 134 1
PAINT_SQUARE 26 135 1
PAINT_SQUARE 26 136 1
PAINT_SQUARE 26 137 1
PAINT_SQUARE 26 138 1
PAINT_SQUARE 26 139 1
PAINT_SQUARE 26 140 1
PAINT_SQUARE 26 141 1
PAINT_SQUARE 26 142 2
PAINT_SQUARE 26 143 3
PAINT_SQUARE 26 144 3
PAINT_SQUARE 26 145 3
PAINT_SQUARE 26 146 3
PAINT_SQUARE 26 147 2
PAINT_SQUARE 26 148 1
PAINT_SQUARE 26 149 0
PAINT_SQUARE 26 173 0
PAINT_SQUARE 26 174 1
PAINT_SQUARE 26 175 1
PAINT_SQUARE 26 176 1
PAINT_SQUARE 26 177 1
PAINT_SQUARE 26 178 1
PAINT_SQUARE 26 179 1
PAINT_SQUARE 26 180 1
PAINT_SQUARE 26 181 1
PAINT_SQUARE 26 182 1
PAINT_SQUARE 26 183 1
PAINT_SQUARE 26 184 1
PAINT_SQUARE 26 185 1
PAINT_SQUARE 26 186 1
PAINT_SQUARE 26 187 1
PAINT_SQUARE 26 188 1
PAINT_SQUARE 26 189 1
PAINT_SQUARE 26 190 1
PAINT_SQUARE 26 191 0
PAINT_SQUARE 27 20 0
PAINT_SQUARE 27 21 0
PAINT_SQUARE 27 22 1
PAINT_SQUARE 27 23 2
PAINT_SQUARE 27 24 3
PAINT_SQUARE 27 25 4
PAINT_SQUARE 27 26 4
PAINT_SQUARE 27 27 4
PAINT_SQUARE 27 28 4
PAINT_SQUARE 27 29 4
PAINT_SQUARE 27 30 4
PAINT_SQUARE 27 31 4
PAINT_SQUARE 27 32 4
PAINT_SQUARE 27 33 4
PAINT_SQUARE 27 34 4
PAINT_SQUARE 27 35 4
PAINT_SQUARE 27 36 4
PAINT_SQUARE 27 37 4
PAINT_SQUARE 27 38 4
PAINT_SQUARE 27 39 4
PAINT_SQUARE 27 40 3
PAINT_SQUARE 27 41 2
PAINT_SQUARE 27 42 2
PAINT_SQUARE 27 43 2
PAINT_SQUARE 27 44 2
PAINT_SQUARE 27 45 2
PAINT_SQUARE 27 46 2
PAINT_SQUARE 27 47 2
PAINT_SQUARE 27 48 2
PAINT_SQUARE 27 49 2
PAINT_SQUARE 27 50 2
PAINT_SQUARE 27 51 2
PAINT_SQUARE 27 52 2
PAINT_SQUARE 27 53 2
PAINT_SQUARE 27 54 2
PAINT_SQUARE 27 55 2
PAINT_SQUARE 27 56 2
PAINT_SQUARE 27 57 2
PAINT_SQUARE 27 58 2
PAINT_SQUARE 27 59 2
PAINT_SQUARE 27 60 2
PAINT_SQUARE 27 61 2
PAINT_SQUARE 27 62 1
PAINT_SQUARE 27 63 0
PAINT_SQUARE 27 105 0
PAINT_SQUARE 27 106 0
PAINT_SQUARE 27 107 0
PAINT_SQUARE 27 108 0
PAINT_SQUARE 27 109 0
PAINT_SQUARE 27 110 1
PAINT_SQUARE 27 111 1
PAINT_SQUARE 27 112 0
PAINT_SQUARE 27 123 0
PAINT_SQUARE 27 124 1
PAINT_SQUARE 27 125 2
PAINT_SQUARE 27 126 2
PAINT_SQUARE 27 127 2
PAINT_SQUARE 27 128 2
PAINT_SQUARE 27 129 2
PAINT_SQUARE 27 130 2
PAINT_SQUARE 27 131 2
PAINT_SQUARE 27 132 2
PAINT_SQUARE 27 133 2
PAINT_SQUARE 27 134 2
PAINT_SQUARE 27 135 2
PAINT_SQUARE 27 136 2
PAINT_SQUARE 27 137 2
PAINT_SQUARE 27 138 2
PAINT_SQUARE 27 139 2
PAINT_SQUARE 27 140 2
PAINT_SQUARE 27 141 2
PAINT_SQUARE 27 142 2
PAINT_SQUARE 27 143 2
PAINT_SQUARE 27 144 2
PAINT_SQUARE 27 145 2
PAINT_SQUARE 27 146 2
PAINT_SQUARE 27 147 2
PAINT_SQUARE 27 148 1
PAINT_SQUARE 27 149 0
PAINT_SQUARE 27 173 0
PAINT_SQUARE 27 174 1
PAINT_SQUARE 27 175 2
PAINT_SQUARE 27 176 2
PAINT_SQUARE 27 177 2
PAINT_SQUARE 27 178 2
PAINT_SQUARE 27 179 2
PAINT_SQUARE 27 180 2
PAINT_SQUARE 27 181 2
PAINT_SQUARE 27 182 2
PAINT_SQUARE 27 183 2
PAINT_SQUARE 27 184 2
PAINT_SQUARE 27 185 2
PAINT_SQUARE 27 186 2
PAINT_SQUARE 27 187 2
PAINT_SQUARE 27 188 2
PAINT_SQUARE 27 189 1
PAINT_SQUARE 27 190 1
PAINT_SQUARE 27 191 0
PAINT_SQUARE 28 21 0
PAINT_SQUARE 28 22 1
PAINT_SQUARE 28 23 2
PAINT_SQUARE 28 24 3
PAINT_SQUARE 28 25 3
PAINT_SQUARE 28 26 3
PAINT_SQUARE 28 27 3
PAINT_SQUARE 28 28 3
PAINT_SQUARE 28 29 3
PAINT_SQUARE 28 30 3
PAINT_SQUARE 28 31 3
PAINT_SQUARE 28 32 3
PAINT_SQUARE 28 33 3
PAINT_SQUARE 28 34 3
PAINT_SQUARE 28 35 3
PAINT_SQUARE 28 36 3
PAINT_SQUARE 28 37 3
PAINT_SQUARE 28 38 3
PAINT_SQUARE 28 39 3
PAINT_SQUARE 28 40 3
PAINT_SQUARE 28 41 3
PAINT_SQUARE 28 42 3
PAINT_SQUARE 28 43 3
PAINT_SQUARE 28 44 3
PAINT_SQUARE 28 45 3
PAINT_SQUARE 28 46 3
PAINT_SQUARE 28 47 3
PAINT_SQUARE 28 48 3
PAINT_SQUARE 28 49 3
PAINT_SQUARE 28 50 3
PAINT_SQUARE 28 51 3
PAINT_SQUARE 28 52 3
PAINT_SQUARE 28 53 3
PAINT_SQUARE 28 54 3
PAINT_SQUARE 28 55 3
PAINT_SQUARE 28 56 3
PAINT_SQUARE 28 57 3
PAINT_SQUARE 28 58 3
PAINT_SQUARE 28 59 3
PAINT_SQUARE 28 60 3
PAINT_SQUARE 28 61 2
PAINT_SQUARE 28 62 1
PAINT_SQUARE 28 63 0
PAINT_SQUARE 28 105 0
PAINT_SQUARE 28 106 0
PAINT_SQUARE 28 107 0
PAINT_SQUARE 28 108 0
PAINT_SQUARE 28 109 0
PAINT_SQUARE 28 110 0
PAINT_SQUARE 28 111 0
PAINT_SQUARE 28 112 0
PAINT_SQUARE 28 123 0
PAINT_SQUARE 28 124 1
PAINT_SQUARE 28 125 1
PAINT_SQUARE 28 126 1
PAINT_SQUARE 28 127 1
PAINT_SQUARE 28 128 1
PAINT_SQUARE 28 129 1
PAINT_SQUARE 28 130 1
PAINT_SQUARE 28 131 1
PAINT_SQUARE 28 132 1
PAINT_SQUARE 28 133 1
PAINT_SQUARE 28 134 1
PAINT_SQUARE 28 135 1
PAINT_SQUARE 28 136 1
PAINT_SQUARE 28 137 1
PAINT_SQUARE 28 138 1
PAINT_SQUARE 28 139 1
PAINT_SQUARE 28 140 1
PAINT_SQUARE 28 141 1
PAINT_SQUARE 28 142 1
PAINT_SQUARE 28 143 1
PAINT_SQUARE 28 144 1
PAINT_SQUARE 28 145 1
PAINT_SQUARE 28 146 1
PAINT_SQUARE 28 147 1
PAINT_SQUARE 28 148 1
PAINT_SQUARE 28 149 0
PAINT_SQUARE 28 173 0
PAINT_SQUARE 28 174 1
PAINT_SQUARE 28 175 1
PAINT_SQUARE 28 176 1
PAINT_SQUARE 28 177 1
PAINT_SQUARE 28 178 1
PAINT_SQUARE 28 179 1
PAINT_SQUARE 28 180 1
PAINT_SQUARE 28 181 1
PAINT_SQUARE 28 182 1
PAINT_SQUARE 28 183 1
PAINT_SQUARE 28 184 1
PAINT_SQUARE 28 185 1
PAINT_SQUARE 28 186 1
PAINT_SQUARE 28 187 1
PAINT_SQUARE 28 188 1
PAINT_SQUARE 28 189 1
PAINT_SQUARE 28 190 0
PAINT_SQUARE 28 191 0
PAINT_SQUARE 29 21 0
PAINT_SQUARE 29 22 1
PAINT_SQUARE 29 23 2
PAINT_SQUARE 29 24 2
PAINT_SQUARE 29 25 2
PAINT_SQUARE 29 26 2
PAINT_SQUARE 29 27 2
PAINT_SQUARE 29 28 2
PAINT_SQUARE 29 29 2
PAINT_SQUARE 29 30 2
PAINT_SQUARE 29 31 2
PAINT_SQUARE 29 32 2
PAINT_SQUARE 29 33 2
PAINT_SQUARE 29 34 2
PAINT_SQUARE 29 35 2
PAINT_SQUARE 29 36 2
PAINT_SQUARE 29 37 2
PAINT_SQUARE 29 38 2
PAINT_SQUARE 29 39 2
PAINT_SQUARE 29 40 2
PAINT_SQUARE 29 41 2
PAINT_SQUARE 29 42 2
PAINT_SQUARE 29 43 2
PAINT_SQUARE 29 44 2
PAINT_SQUARE 29 45 2
PAINT_SQUARE 29 46 2
PAINT_SQUARE 29 47 2
PAINT_SQUARE 29 48 2
PAINT_SQUARE 29 49 2
PAINT_SQUARE 29 50 2
PAINT_SQUARE 29 51 2
PAINT_SQUARE 29 52 2
PAINT_SQUARE 29 53 2
PAINT_SQUARE 29 54 2
PAINT_SQUARE 29 55 2
PAINT_SQUARE 29 56 2
PAINT_SQUARE 29 57 2
PAINT_SQUARE 29 58 2
PAINT_SQUARE 29 59 2
PAINT_SQUARE 29 60 2
PAINT_SQUARE 29 61 2
PAINT_SQUARE 29 62 1
PAINT_SQUARE 29 63 0
PAINT_SQUARE 29 113 0
PAINT_SQUARE 29 114 0
PAINT_SQUARE 29 115 0
PAINT_SQUARE 29 116 0
PAINT_SQUARE 29 123 0
PAINT_SQUARE 29 124 0
PAINT_SQUARE 29 125 0
PAINT_SQUARE 29 126 0
PAINT_SQUARE 29 127 0
PAINT_SQUARE 29 128 0
PAINT_SQUARE 29 129 0
PAINT_SQUARE 29 130 0
PAINT_SQUARE 29 131 0
PAINT_SQUARE 29 132 0
PAINT_SQUARE 29 133 0
PAINT_SQUARE 29 134 0
PAINT_SQUARE 29 135 0
PAINT_SQUARE 29 136 0
PAINT_SQUARE 29 137 0
PAINT_SQUARE 29 138 0
PAINT_SQUARE 29 139 0
PAINT_SQUARE 29 140 0
PAINT_SQUARE 29 141 0
PAINT_SQUARE 29 142 0
PAINT_SQUARE 29 143 0
PAINT_SQUARE 29 144 0
PAINT_SQUARE 29 145 0
PAINT_SQUARE 29 146 0
PAINT_SQUARE 29 147 0
PAINT_SQUARE 29 148 0
PAINT_SQUARE 29 149 0
PAINT_SQUARE 29 169 0
PAINT_SQUARE 29 170 0
PAINT_SQUARE 29 171 0
PAINT_SQUARE 29 172 0
PAINT_SQUARE 29 173 0
PAINT_SQUARE 29 174 0
PAINT_SQUARE 29 175 0
PAINT_SQUARE 29 176 0
PAINT_SQUARE 29 177 0
PAINT_SQUARE 29 178 0
PAINT_SQUARE 29 179 0
PAINT_SQUARE 29 180 0
PAINT_SQUARE 29 181 0
PAINT_SQUARE 29 182 0
PAINT_SQUARE 29 183 0
PAINT_SQUARE 29 184 0
PAINT_SQUARE 29 185 0
PAINT_SQUARE 29 186 0
PAINT_SQUARE 29 187 0
PAINT_SQUARE 29 188 0
PAINT_SQUARE 29 189 0
PAINT_SQUARE 29 190 0
PAINT_SQUARE 30 21 0
PAINT_SQUARE 30 22 1
PAINT_SQUARE 30 23 1
PAINT_SQUARE 30 24 1
PAINT_SQUARE 30 25 1
PAINT_SQUARE 30 26 1
PAINT_SQUARE 30 27 1
PAINT_SQUARE 30 28 1
PAINT_SQUARE 30 29 1
PAINT_SQUARE 30 30 1
PAINT_SQUARE 30 31 1
PAINT_SQUARE 30 32 1
PAINT_SQUARE 30 33 1
PAINT_SQUARE 30 34 1
PAINT_SQUARE 30 35 1
PAINT_SQUARE 30 36 1
PAINT_SQUARE 30 37 1
PAINT_SQUARE 30 38 1
PAINT_SQUARE 30 39 1
PAINT_SQUARE 30 40 1
PAINT_SQUARE 30 41 1
PAINT_SQUARE 30 42 1
PAINT_SQUARE 30 43 1
PAINT_SQUARE 30 44 1
PAINT_SQUARE 30 45 1
PAINT_SQUARE 30 46 1
PAINT_SQUARE 30 47 1
PAINT_SQUARE 30 48 1
PAINT_SQUARE 30 49 1
PAINT_SQUARE 30 50 1
PAINT_SQUARE 30 51 1
PAINT_SQUARE 30 52 1
PAINT_SQUARE 30 53 1
PAINT_SQUARE 30 54 1
PAINT_SQUARE 30 55 1
PAINT_SQUARE 30 56 1
PAINT_SQUARE 30 57 1
PAINT_SQUARE 30 58 1
PAINT_SQUARE 30 59 1
PAINT_SQUARE 30 60 1
PAINT_SQUARE 30 61 1
PAINT_SQUARE 30 62 1
PAINT_SQUARE 30 63 0
PAINT_SQUARE 30 113 0
PAINT_SQUARE 30 114 1
PAINT_SQUARE 30 115 1
PAINT_SQUARE 30 116 0
PAINT_SQUARE 30 169 0
PAINT_SQUARE 30 170 1
PAINT_SQUARE 30 171 1
PAINT_SQUARE 30 172 0
PAINT_SQUARE 31 21 0
PAINT_SQUARE 31 22 0
PAINT_SQUARE 31 23 0
PAINT_SQUARE 31 24 0
PAINT_SQUARE 31 25 0
PAINT_SQUARE 31 26 0
PAINT_SQUARE 31 27 0
PAINT_SQUARE 31 28 0
PAINT_SQUARE 31 29 0
PAINT_SQUARE 31 30 0
PAINT_SQUARE 31 31 0
PAINT_SQUARE 31 32 0
PAINT_SQUARE 31 33 0
PAINT_SQUARE 31 34 0
PAINT_SQUARE 31 35 0
PAINT_SQUARE 31 36 0
PAINT_SQUARE 31 37 0
PAINT_SQUARE 31 38 0
PAINT_SQUARE 31 39 0
PAINT_SQUARE 31 40 0
PAINT_SQUARE 31 41 0
PAINT_SQUARE 31 42 0
PAINT_SQUARE 31 43 0
PAINT_SQUARE 31 44 0
PAINT_SQUARE 31 45 0
PAINT_SQUARE 31 46 0
PAINT_SQUARE 31 47 0
PAINT_SQUARE 31 48 0
PAINT_SQUARE 31 49 0
PAINT_SQUARE 31 50 0
PAINT_SQUARE 31 51 0
PAINT_SQUARE 31 52 0
PAINT_SQUARE 31 53 0
PAINT_SQUARE 31 54 0
PAINT_SQUARE 31 55 0
PAINT_SQUARE 31 56 0
PAINT_SQUARE 31 57 0
PAINT_SQUARE 31 58 0
PAINT_SQUARE 31 59 0
PAINT_SQUARE 31 60 0
PAINT_SQUARE 31 61 0
PAINT_SQUARE 31 62 0
PAINT_SQUARE 31 63 0
PAINT_SQUARE 31 113 0
PAINT_SQUARE 31 114 1
PAINT_SQUARE 31 115 1
PAINT_SQUARE 31 116 0
PAINT_SQUARE 31 169 0
PAINT_SQUARE 31 170 1
PAINT_SQUARE 31 171 1
PAINT_SQUARE 31 172 0
PAINT_SQUARE 32 113 0
PAINT_SQUARE 32 114 0
PAINT_SQUARE 32 115 0
PAINT_SQUARE 32 116 0
PAINT_SQUARE 32 169 0
PAINT_SQUARE 32 170 1
PAINT_SQUARE 32 171 1
PAINT_SQUARE 32 172 0
PAINT_SQUARE 33 169 0
PAINT_SQUARE 33 170 1
PAINT_SQUARE 33 171 1
PAINT_SQUARE 33 172 0
PAINT_SQUARE 33 173 0
PAINT_SQUARE 34 169 0
PAINT_SQUARE 34 170 1
PAINT_SQUARE 34 171 1
PAINT_SQUARE 34 172 0
PAINT_SQUARE 34 173 0
PAINT_SQUARE 35 169 0
PAINT_SQUARE 35 170 1
PAINT_SQUARE 35 171 1
PAINT_SQUARE 35 172 0
PAINT_SQUARE 36 169 0
PAINT_SQUARE 36 170 0
PAINT_SQUARE 36 171 0
PAINT_SQUARE 36 172 0
